INFO - 2023-08-07 05:40:12 --> Session: Class initialized using 'CodeIgniter\Session\Handlers\FileHandler' driver.
INFO - 2023-08-07 05:40:12 --> Session: Class initialized using 'CodeIgniter\Session\Handlers\FileHandler' driver.
INFO - 2023-08-07 05:40:16 --> Session: Class initialized using 'CodeIgniter\Session\Handlers\FileHandler' driver.
INFO - 2023-08-07 05:40:17 --> Session: Class initialized using 'CodeIgniter\Session\Handlers\FileHandler' driver.
WARNING - 2023-08-07 05:40:17 --> [DEPRECATED] Required parameter $idSiswa follows optional parameter $idPresensi in APPPATH\Models\PresensiSiswaModel.php on line 128.
 1 SYSTEMPATH\Autoloader\Autoloader.php(312): include_once()
 2 SYSTEMPATH\Autoloader\Autoloader.php(289): CodeIgniter\Autoloader\Autoloader->includeFile('D:\\xampp\\htdocs\\absensi-ai\\app\\Models\\PresensiSiswaModel.php')
 3 SYSTEMPATH\Autoloader\Autoloader.php(267): CodeIgniter\Autoloader\Autoloader->loadInNamespace('App\\Models\\PresensiSiswaModel')
 4 APPPATH\Controllers\Admin\Dashboard.php(32): CodeIgniter\Autoloader\Autoloader->loadClass('App\\Models\\PresensiSiswaModel')
 5 SYSTEMPATH\CodeIgniter.php(904): App\Controllers\Admin\Dashboard->__construct()
 6 SYSTEMPATH\CodeIgniter.php(488): CodeIgniter\CodeIgniter->createController()
 7 SYSTEMPATH\CodeIgniter.php(366): CodeIgniter\CodeIgniter->handleRequest(null, Object(Config\Cache), false)
 8 FCPATH\index.php(67): CodeIgniter\CodeIgniter->run()
WARNING - 2023-08-07 05:40:17 --> [DEPRECATED] Required parameter $idKelas follows optional parameter $idPresensi in APPPATH\Models\PresensiSiswaModel.php on line 128.
 1 SYSTEMPATH\Autoloader\Autoloader.php(312): include_once()
 2 SYSTEMPATH\Autoloader\Autoloader.php(289): CodeIgniter\Autoloader\Autoloader->includeFile('D:\\xampp\\htdocs\\absensi-ai\\app\\Models\\PresensiSiswaModel.php')
 3 SYSTEMPATH\Autoloader\Autoloader.php(267): CodeIgniter\Autoloader\Autoloader->loadInNamespace('App\\Models\\PresensiSiswaModel')
 4 APPPATH\Controllers\Admin\Dashboard.php(32): CodeIgniter\Autoloader\Autoloader->loadClass('App\\Models\\PresensiSiswaModel')
 5 SYSTEMPATH\CodeIgniter.php(904): App\Controllers\Admin\Dashboard->__construct()
 6 SYSTEMPATH\CodeIgniter.php(488): CodeIgniter\CodeIgniter->createController()
 7 SYSTEMPATH\CodeIgniter.php(366): CodeIgniter\CodeIgniter->handleRequest(null, Object(Config\Cache), false)
 8 FCPATH\index.php(67): CodeIgniter\CodeIgniter->run()
WARNING - 2023-08-07 05:40:17 --> [DEPRECATED] Required parameter $idMapel follows optional parameter $idPresensi in APPPATH\Models\PresensiSiswaModel.php on line 128.
 1 SYSTEMPATH\Autoloader\Autoloader.php(312): include_once()
 2 SYSTEMPATH\Autoloader\Autoloader.php(289): CodeIgniter\Autoloader\Autoloader->includeFile('D:\\xampp\\htdocs\\absensi-ai\\app\\Models\\PresensiSiswaModel.php')
 3 SYSTEMPATH\Autoloader\Autoloader.php(267): CodeIgniter\Autoloader\Autoloader->loadInNamespace('App\\Models\\PresensiSiswaModel')
 4 APPPATH\Controllers\Admin\Dashboard.php(32): CodeIgniter\Autoloader\Autoloader->loadClass('App\\Models\\PresensiSiswaModel')
 5 SYSTEMPATH\CodeIgniter.php(904): App\Controllers\Admin\Dashboard->__construct()
 6 SYSTEMPATH\CodeIgniter.php(488): CodeIgniter\CodeIgniter->createController()
 7 SYSTEMPATH\CodeIgniter.php(366): CodeIgniter\CodeIgniter->handleRequest(null, Object(Config\Cache), false)
 8 FCPATH\index.php(67): CodeIgniter\CodeIgniter->run()
WARNING - 2023-08-07 05:40:17 --> [DEPRECATED] Required parameter $tanggal follows optional parameter $idPresensi in APPPATH\Models\PresensiSiswaModel.php on line 128.
 1 SYSTEMPATH\Autoloader\Autoloader.php(312): include_once()
 2 SYSTEMPATH\Autoloader\Autoloader.php(289): CodeIgniter\Autoloader\Autoloader->includeFile('D:\\xampp\\htdocs\\absensi-ai\\app\\Models\\PresensiSiswaModel.php')
 3 SYSTEMPATH\Autoloader\Autoloader.php(267): CodeIgniter\Autoloader\Autoloader->loadInNamespace('App\\Models\\PresensiSiswaModel')
 4 APPPATH\Controllers\Admin\Dashboard.php(32): CodeIgniter\Autoloader\Autoloader->loadClass('App\\Models\\PresensiSiswaModel')
 5 SYSTEMPATH\CodeIgniter.php(904): App\Controllers\Admin\Dashboard->__construct()
 6 SYSTEMPATH\CodeIgniter.php(488): CodeIgniter\CodeIgniter->createController()
 7 SYSTEMPATH\CodeIgniter.php(366): CodeIgniter\CodeIgniter->handleRequest(null, Object(Config\Cache), false)
 8 FCPATH\index.php(67): CodeIgniter\CodeIgniter->run()
WARNING - 2023-08-07 05:40:17 --> [DEPRECATED] Required parameter $idKehadiran follows optional parameter $idPresensi in APPPATH\Models\PresensiSiswaModel.php on line 128.
 1 SYSTEMPATH\Autoloader\Autoloader.php(312): include_once()
 2 SYSTEMPATH\Autoloader\Autoloader.php(289): CodeIgniter\Autoloader\Autoloader->includeFile('D:\\xampp\\htdocs\\absensi-ai\\app\\Models\\PresensiSiswaModel.php')
 3 SYSTEMPATH\Autoloader\Autoloader.php(267): CodeIgniter\Autoloader\Autoloader->loadInNamespace('App\\Models\\PresensiSiswaModel')
 4 APPPATH\Controllers\Admin\Dashboard.php(32): CodeIgniter\Autoloader\Autoloader->loadClass('App\\Models\\PresensiSiswaModel')
 5 SYSTEMPATH\CodeIgniter.php(904): App\Controllers\Admin\Dashboard->__construct()
 6 SYSTEMPATH\CodeIgniter.php(488): CodeIgniter\CodeIgniter->createController()
 7 SYSTEMPATH\CodeIgniter.php(366): CodeIgniter\CodeIgniter->handleRequest(null, Object(Config\Cache), false)
 8 FCPATH\index.php(67): CodeIgniter\CodeIgniter->run()
WARNING - 2023-08-07 05:40:17 --> [DEPRECATED] Required parameter $jamKeluar follows optional parameter $idPresensi in APPPATH\Models\PresensiSiswaModel.php on line 128.
 1 SYSTEMPATH\Autoloader\Autoloader.php(312): include_once()
 2 SYSTEMPATH\Autoloader\Autoloader.php(289): CodeIgniter\Autoloader\Autoloader->includeFile('D:\\xampp\\htdocs\\absensi-ai\\app\\Models\\PresensiSiswaModel.php')
 3 SYSTEMPATH\Autoloader\Autoloader.php(267): CodeIgniter\Autoloader\Autoloader->loadInNamespace('App\\Models\\PresensiSiswaModel')
 4 APPPATH\Controllers\Admin\Dashboard.php(32): CodeIgniter\Autoloader\Autoloader->loadClass('App\\Models\\PresensiSiswaModel')
 5 SYSTEMPATH\CodeIgniter.php(904): App\Controllers\Admin\Dashboard->__construct()
 6 SYSTEMPATH\CodeIgniter.php(488): CodeIgniter\CodeIgniter->createController()
 7 SYSTEMPATH\CodeIgniter.php(366): CodeIgniter\CodeIgniter->handleRequest(null, Object(Config\Cache), false)
 8 FCPATH\index.php(67): CodeIgniter\CodeIgniter->run()
WARNING - 2023-08-07 05:40:17 --> [DEPRECATED] Required parameter $idGuru follows optional parameter $idPresensi in APPPATH\Models\PresensiGuruModel.php on line 104.
 1 SYSTEMPATH\Autoloader\Autoloader.php(312): include_once()
 2 SYSTEMPATH\Autoloader\Autoloader.php(289): CodeIgniter\Autoloader\Autoloader->includeFile('D:\\xampp\\htdocs\\absensi-ai\\app\\Models\\PresensiGuruModel.php')
 3 SYSTEMPATH\Autoloader\Autoloader.php(267): CodeIgniter\Autoloader\Autoloader->loadInNamespace('App\\Models\\PresensiGuruModel')
 4 APPPATH\Controllers\Admin\Dashboard.php(33): CodeIgniter\Autoloader\Autoloader->loadClass('App\\Models\\PresensiGuruModel')
 5 SYSTEMPATH\CodeIgniter.php(904): App\Controllers\Admin\Dashboard->__construct()
 6 SYSTEMPATH\CodeIgniter.php(488): CodeIgniter\CodeIgniter->createController()
 7 SYSTEMPATH\CodeIgniter.php(366): CodeIgniter\CodeIgniter->handleRequest(null, Object(Config\Cache), false)
 8 FCPATH\index.php(67): CodeIgniter\CodeIgniter->run()
WARNING - 2023-08-07 05:40:17 --> [DEPRECATED] Required parameter $tanggal follows optional parameter $idPresensi in APPPATH\Models\PresensiGuruModel.php on line 104.
 1 SYSTEMPATH\Autoloader\Autoloader.php(312): include_once()
 2 SYSTEMPATH\Autoloader\Autoloader.php(289): CodeIgniter\Autoloader\Autoloader->includeFile('D:\\xampp\\htdocs\\absensi-ai\\app\\Models\\PresensiGuruModel.php')
 3 SYSTEMPATH\Autoloader\Autoloader.php(267): CodeIgniter\Autoloader\Autoloader->loadInNamespace('App\\Models\\PresensiGuruModel')
 4 APPPATH\Controllers\Admin\Dashboard.php(33): CodeIgniter\Autoloader\Autoloader->loadClass('App\\Models\\PresensiGuruModel')
 5 SYSTEMPATH\CodeIgniter.php(904): App\Controllers\Admin\Dashboard->__construct()
 6 SYSTEMPATH\CodeIgniter.php(488): CodeIgniter\CodeIgniter->createController()
 7 SYSTEMPATH\CodeIgniter.php(366): CodeIgniter\CodeIgniter->handleRequest(null, Object(Config\Cache), false)
 8 FCPATH\index.php(67): CodeIgniter\CodeIgniter->run()
WARNING - 2023-08-07 05:40:17 --> [DEPRECATED] Required parameter $idKehadiran follows optional parameter $idPresensi in APPPATH\Models\PresensiGuruModel.php on line 104.
 1 SYSTEMPATH\Autoloader\Autoloader.php(312): include_once()
 2 SYSTEMPATH\Autoloader\Autoloader.php(289): CodeIgniter\Autoloader\Autoloader->includeFile('D:\\xampp\\htdocs\\absensi-ai\\app\\Models\\PresensiGuruModel.php')
 3 SYSTEMPATH\Autoloader\Autoloader.php(267): CodeIgniter\Autoloader\Autoloader->loadInNamespace('App\\Models\\PresensiGuruModel')
 4 APPPATH\Controllers\Admin\Dashboard.php(33): CodeIgniter\Autoloader\Autoloader->loadClass('App\\Models\\PresensiGuruModel')
 5 SYSTEMPATH\CodeIgniter.php(904): App\Controllers\Admin\Dashboard->__construct()
 6 SYSTEMPATH\CodeIgniter.php(488): CodeIgniter\CodeIgniter->createController()
 7 SYSTEMPATH\CodeIgniter.php(366): CodeIgniter\CodeIgniter->handleRequest(null, Object(Config\Cache), false)
 8 FCPATH\index.php(67): CodeIgniter\CodeIgniter->run()
INFO - 2023-08-07 05:40:21 --> Session: Class initialized using 'CodeIgniter\Session\Handlers\FileHandler' driver.
WARNING - 2023-08-07 05:40:21 --> [DEPRECATED] Required parameter $idSiswa follows optional parameter $idPresensi in APPPATH\Models\PresensiSiswaModel.php on line 128.
 1 SYSTEMPATH\Autoloader\Autoloader.php(312): include_once()
 2 SYSTEMPATH\Autoloader\Autoloader.php(289): CodeIgniter\Autoloader\Autoloader->includeFile('D:\\xampp\\htdocs\\absensi-ai\\app\\Models\\PresensiSiswaModel.php')
 3 SYSTEMPATH\Autoloader\Autoloader.php(267): CodeIgniter\Autoloader\Autoloader->loadInNamespace('App\\Models\\PresensiSiswaModel')
 4 APPPATH\Controllers\Admin\DataAbsenSiswa.php(28): CodeIgniter\Autoloader\Autoloader->loadClass('App\\Models\\PresensiSiswaModel')
 5 SYSTEMPATH\CodeIgniter.php(904): App\Controllers\Admin\DataAbsenSiswa->__construct()
 6 SYSTEMPATH\CodeIgniter.php(488): CodeIgniter\CodeIgniter->createController()
 7 SYSTEMPATH\CodeIgniter.php(366): CodeIgniter\CodeIgniter->handleRequest(null, Object(Config\Cache), false)
 8 FCPATH\index.php(67): CodeIgniter\CodeIgniter->run()
WARNING - 2023-08-07 05:40:21 --> [DEPRECATED] Required parameter $idKelas follows optional parameter $idPresensi in APPPATH\Models\PresensiSiswaModel.php on line 128.
 1 SYSTEMPATH\Autoloader\Autoloader.php(312): include_once()
 2 SYSTEMPATH\Autoloader\Autoloader.php(289): CodeIgniter\Autoloader\Autoloader->includeFile('D:\\xampp\\htdocs\\absensi-ai\\app\\Models\\PresensiSiswaModel.php')
 3 SYSTEMPATH\Autoloader\Autoloader.php(267): CodeIgniter\Autoloader\Autoloader->loadInNamespace('App\\Models\\PresensiSiswaModel')
 4 APPPATH\Controllers\Admin\DataAbsenSiswa.php(28): CodeIgniter\Autoloader\Autoloader->loadClass('App\\Models\\PresensiSiswaModel')
 5 SYSTEMPATH\CodeIgniter.php(904): App\Controllers\Admin\DataAbsenSiswa->__construct()
 6 SYSTEMPATH\CodeIgniter.php(488): CodeIgniter\CodeIgniter->createController()
 7 SYSTEMPATH\CodeIgniter.php(366): CodeIgniter\CodeIgniter->handleRequest(null, Object(Config\Cache), false)
 8 FCPATH\index.php(67): CodeIgniter\CodeIgniter->run()
WARNING - 2023-08-07 05:40:21 --> [DEPRECATED] Required parameter $idMapel follows optional parameter $idPresensi in APPPATH\Models\PresensiSiswaModel.php on line 128.
 1 SYSTEMPATH\Autoloader\Autoloader.php(312): include_once()
 2 SYSTEMPATH\Autoloader\Autoloader.php(289): CodeIgniter\Autoloader\Autoloader->includeFile('D:\\xampp\\htdocs\\absensi-ai\\app\\Models\\PresensiSiswaModel.php')
 3 SYSTEMPATH\Autoloader\Autoloader.php(267): CodeIgniter\Autoloader\Autoloader->loadInNamespace('App\\Models\\PresensiSiswaModel')
 4 APPPATH\Controllers\Admin\DataAbsenSiswa.php(28): CodeIgniter\Autoloader\Autoloader->loadClass('App\\Models\\PresensiSiswaModel')
 5 SYSTEMPATH\CodeIgniter.php(904): App\Controllers\Admin\DataAbsenSiswa->__construct()
 6 SYSTEMPATH\CodeIgniter.php(488): CodeIgniter\CodeIgniter->createController()
 7 SYSTEMPATH\CodeIgniter.php(366): CodeIgniter\CodeIgniter->handleRequest(null, Object(Config\Cache), false)
 8 FCPATH\index.php(67): CodeIgniter\CodeIgniter->run()
WARNING - 2023-08-07 05:40:21 --> [DEPRECATED] Required parameter $tanggal follows optional parameter $idPresensi in APPPATH\Models\PresensiSiswaModel.php on line 128.
 1 SYSTEMPATH\Autoloader\Autoloader.php(312): include_once()
 2 SYSTEMPATH\Autoloader\Autoloader.php(289): CodeIgniter\Autoloader\Autoloader->includeFile('D:\\xampp\\htdocs\\absensi-ai\\app\\Models\\PresensiSiswaModel.php')
 3 SYSTEMPATH\Autoloader\Autoloader.php(267): CodeIgniter\Autoloader\Autoloader->loadInNamespace('App\\Models\\PresensiSiswaModel')
 4 APPPATH\Controllers\Admin\DataAbsenSiswa.php(28): CodeIgniter\Autoloader\Autoloader->loadClass('App\\Models\\PresensiSiswaModel')
 5 SYSTEMPATH\CodeIgniter.php(904): App\Controllers\Admin\DataAbsenSiswa->__construct()
 6 SYSTEMPATH\CodeIgniter.php(488): CodeIgniter\CodeIgniter->createController()
 7 SYSTEMPATH\CodeIgniter.php(366): CodeIgniter\CodeIgniter->handleRequest(null, Object(Config\Cache), false)
 8 FCPATH\index.php(67): CodeIgniter\CodeIgniter->run()
WARNING - 2023-08-07 05:40:21 --> [DEPRECATED] Required parameter $idKehadiran follows optional parameter $idPresensi in APPPATH\Models\PresensiSiswaModel.php on line 128.
 1 SYSTEMPATH\Autoloader\Autoloader.php(312): include_once()
 2 SYSTEMPATH\Autoloader\Autoloader.php(289): CodeIgniter\Autoloader\Autoloader->includeFile('D:\\xampp\\htdocs\\absensi-ai\\app\\Models\\PresensiSiswaModel.php')
 3 SYSTEMPATH\Autoloader\Autoloader.php(267): CodeIgniter\Autoloader\Autoloader->loadInNamespace('App\\Models\\PresensiSiswaModel')
 4 APPPATH\Controllers\Admin\DataAbsenSiswa.php(28): CodeIgniter\Autoloader\Autoloader->loadClass('App\\Models\\PresensiSiswaModel')
 5 SYSTEMPATH\CodeIgniter.php(904): App\Controllers\Admin\DataAbsenSiswa->__construct()
 6 SYSTEMPATH\CodeIgniter.php(488): CodeIgniter\CodeIgniter->createController()
 7 SYSTEMPATH\CodeIgniter.php(366): CodeIgniter\CodeIgniter->handleRequest(null, Object(Config\Cache), false)
 8 FCPATH\index.php(67): CodeIgniter\CodeIgniter->run()
WARNING - 2023-08-07 05:40:21 --> [DEPRECATED] Required parameter $jamKeluar follows optional parameter $idPresensi in APPPATH\Models\PresensiSiswaModel.php on line 128.
 1 SYSTEMPATH\Autoloader\Autoloader.php(312): include_once()
 2 SYSTEMPATH\Autoloader\Autoloader.php(289): CodeIgniter\Autoloader\Autoloader->includeFile('D:\\xampp\\htdocs\\absensi-ai\\app\\Models\\PresensiSiswaModel.php')
 3 SYSTEMPATH\Autoloader\Autoloader.php(267): CodeIgniter\Autoloader\Autoloader->loadInNamespace('App\\Models\\PresensiSiswaModel')
 4 APPPATH\Controllers\Admin\DataAbsenSiswa.php(28): CodeIgniter\Autoloader\Autoloader->loadClass('App\\Models\\PresensiSiswaModel')
 5 SYSTEMPATH\CodeIgniter.php(904): App\Controllers\Admin\DataAbsenSiswa->__construct()
 6 SYSTEMPATH\CodeIgniter.php(488): CodeIgniter\CodeIgniter->createController()
 7 SYSTEMPATH\CodeIgniter.php(366): CodeIgniter\CodeIgniter->handleRequest(null, Object(Config\Cache), false)
 8 FCPATH\index.php(67): CodeIgniter\CodeIgniter->run()
INFO - 2023-08-07 05:51:05 --> Session: Class initialized using 'CodeIgniter\Session\Handlers\FileHandler' driver.
WARNING - 2023-08-07 05:51:05 --> [DEPRECATED] Required parameter $idSiswa follows optional parameter $idPresensi in APPPATH\Models\PresensiSiswaModel.php on line 128.
 1 SYSTEMPATH\Autoloader\Autoloader.php(312): include_once()
 2 SYSTEMPATH\Autoloader\Autoloader.php(289): CodeIgniter\Autoloader\Autoloader->includeFile('D:\\xampp\\htdocs\\absensi-ai\\app\\Models\\PresensiSiswaModel.php')
 3 SYSTEMPATH\Autoloader\Autoloader.php(267): CodeIgniter\Autoloader\Autoloader->loadInNamespace('App\\Models\\PresensiSiswaModel')
 4 APPPATH\Controllers\Admin\DataAbsenSiswa.php(28): CodeIgniter\Autoloader\Autoloader->loadClass('App\\Models\\PresensiSiswaModel')
 5 SYSTEMPATH\CodeIgniter.php(904): App\Controllers\Admin\DataAbsenSiswa->__construct()
 6 SYSTEMPATH\CodeIgniter.php(488): CodeIgniter\CodeIgniter->createController()
 7 SYSTEMPATH\CodeIgniter.php(366): CodeIgniter\CodeIgniter->handleRequest(null, Object(Config\Cache), false)
 8 FCPATH\index.php(67): CodeIgniter\CodeIgniter->run()
WARNING - 2023-08-07 05:51:05 --> [DEPRECATED] Required parameter $idKelas follows optional parameter $idPresensi in APPPATH\Models\PresensiSiswaModel.php on line 128.
 1 SYSTEMPATH\Autoloader\Autoloader.php(312): include_once()
 2 SYSTEMPATH\Autoloader\Autoloader.php(289): CodeIgniter\Autoloader\Autoloader->includeFile('D:\\xampp\\htdocs\\absensi-ai\\app\\Models\\PresensiSiswaModel.php')
 3 SYSTEMPATH\Autoloader\Autoloader.php(267): CodeIgniter\Autoloader\Autoloader->loadInNamespace('App\\Models\\PresensiSiswaModel')
 4 APPPATH\Controllers\Admin\DataAbsenSiswa.php(28): CodeIgniter\Autoloader\Autoloader->loadClass('App\\Models\\PresensiSiswaModel')
 5 SYSTEMPATH\CodeIgniter.php(904): App\Controllers\Admin\DataAbsenSiswa->__construct()
 6 SYSTEMPATH\CodeIgniter.php(488): CodeIgniter\CodeIgniter->createController()
 7 SYSTEMPATH\CodeIgniter.php(366): CodeIgniter\CodeIgniter->handleRequest(null, Object(Config\Cache), false)
 8 FCPATH\index.php(67): CodeIgniter\CodeIgniter->run()
WARNING - 2023-08-07 05:51:05 --> [DEPRECATED] Required parameter $idMapel follows optional parameter $idPresensi in APPPATH\Models\PresensiSiswaModel.php on line 128.
 1 SYSTEMPATH\Autoloader\Autoloader.php(312): include_once()
 2 SYSTEMPATH\Autoloader\Autoloader.php(289): CodeIgniter\Autoloader\Autoloader->includeFile('D:\\xampp\\htdocs\\absensi-ai\\app\\Models\\PresensiSiswaModel.php')
 3 SYSTEMPATH\Autoloader\Autoloader.php(267): CodeIgniter\Autoloader\Autoloader->loadInNamespace('App\\Models\\PresensiSiswaModel')
 4 APPPATH\Controllers\Admin\DataAbsenSiswa.php(28): CodeIgniter\Autoloader\Autoloader->loadClass('App\\Models\\PresensiSiswaModel')
 5 SYSTEMPATH\CodeIgniter.php(904): App\Controllers\Admin\DataAbsenSiswa->__construct()
 6 SYSTEMPATH\CodeIgniter.php(488): CodeIgniter\CodeIgniter->createController()
 7 SYSTEMPATH\CodeIgniter.php(366): CodeIgniter\CodeIgniter->handleRequest(null, Object(Config\Cache), false)
 8 FCPATH\index.php(67): CodeIgniter\CodeIgniter->run()
WARNING - 2023-08-07 05:51:05 --> [DEPRECATED] Required parameter $tanggal follows optional parameter $idPresensi in APPPATH\Models\PresensiSiswaModel.php on line 128.
 1 SYSTEMPATH\Autoloader\Autoloader.php(312): include_once()
 2 SYSTEMPATH\Autoloader\Autoloader.php(289): CodeIgniter\Autoloader\Autoloader->includeFile('D:\\xampp\\htdocs\\absensi-ai\\app\\Models\\PresensiSiswaModel.php')
 3 SYSTEMPATH\Autoloader\Autoloader.php(267): CodeIgniter\Autoloader\Autoloader->loadInNamespace('App\\Models\\PresensiSiswaModel')
 4 APPPATH\Controllers\Admin\DataAbsenSiswa.php(28): CodeIgniter\Autoloader\Autoloader->loadClass('App\\Models\\PresensiSiswaModel')
 5 SYSTEMPATH\CodeIgniter.php(904): App\Controllers\Admin\DataAbsenSiswa->__construct()
 6 SYSTEMPATH\CodeIgniter.php(488): CodeIgniter\CodeIgniter->createController()
 7 SYSTEMPATH\CodeIgniter.php(366): CodeIgniter\CodeIgniter->handleRequest(null, Object(Config\Cache), false)
 8 FCPATH\index.php(67): CodeIgniter\CodeIgniter->run()
WARNING - 2023-08-07 05:51:05 --> [DEPRECATED] Required parameter $idKehadiran follows optional parameter $idPresensi in APPPATH\Models\PresensiSiswaModel.php on line 128.
 1 SYSTEMPATH\Autoloader\Autoloader.php(312): include_once()
 2 SYSTEMPATH\Autoloader\Autoloader.php(289): CodeIgniter\Autoloader\Autoloader->includeFile('D:\\xampp\\htdocs\\absensi-ai\\app\\Models\\PresensiSiswaModel.php')
 3 SYSTEMPATH\Autoloader\Autoloader.php(267): CodeIgniter\Autoloader\Autoloader->loadInNamespace('App\\Models\\PresensiSiswaModel')
 4 APPPATH\Controllers\Admin\DataAbsenSiswa.php(28): CodeIgniter\Autoloader\Autoloader->loadClass('App\\Models\\PresensiSiswaModel')
 5 SYSTEMPATH\CodeIgniter.php(904): App\Controllers\Admin\DataAbsenSiswa->__construct()
 6 SYSTEMPATH\CodeIgniter.php(488): CodeIgniter\CodeIgniter->createController()
 7 SYSTEMPATH\CodeIgniter.php(366): CodeIgniter\CodeIgniter->handleRequest(null, Object(Config\Cache), false)
 8 FCPATH\index.php(67): CodeIgniter\CodeIgniter->run()
WARNING - 2023-08-07 05:51:05 --> [DEPRECATED] Required parameter $jamKeluar follows optional parameter $idPresensi in APPPATH\Models\PresensiSiswaModel.php on line 128.
 1 SYSTEMPATH\Autoloader\Autoloader.php(312): include_once()
 2 SYSTEMPATH\Autoloader\Autoloader.php(289): CodeIgniter\Autoloader\Autoloader->includeFile('D:\\xampp\\htdocs\\absensi-ai\\app\\Models\\PresensiSiswaModel.php')
 3 SYSTEMPATH\Autoloader\Autoloader.php(267): CodeIgniter\Autoloader\Autoloader->loadInNamespace('App\\Models\\PresensiSiswaModel')
 4 APPPATH\Controllers\Admin\DataAbsenSiswa.php(28): CodeIgniter\Autoloader\Autoloader->loadClass('App\\Models\\PresensiSiswaModel')
 5 SYSTEMPATH\CodeIgniter.php(904): App\Controllers\Admin\DataAbsenSiswa->__construct()
 6 SYSTEMPATH\CodeIgniter.php(488): CodeIgniter\CodeIgniter->createController()
 7 SYSTEMPATH\CodeIgniter.php(366): CodeIgniter\CodeIgniter->handleRequest(null, Object(Config\Cache), false)
 8 FCPATH\index.php(67): CodeIgniter\CodeIgniter->run()
INFO - 2023-08-07 05:51:09 --> Session: Class initialized using 'CodeIgniter\Session\Handlers\FileHandler' driver.
WARNING - 2023-08-07 05:51:09 --> [DEPRECATED] Required parameter $idSiswa follows optional parameter $idPresensi in APPPATH\Models\PresensiSiswaModel.php on line 128.
 1 SYSTEMPATH\Autoloader\Autoloader.php(312): include_once()
 2 SYSTEMPATH\Autoloader\Autoloader.php(289): CodeIgniter\Autoloader\Autoloader->includeFile('D:\\xampp\\htdocs\\absensi-ai\\app\\Models\\PresensiSiswaModel.php')
 3 SYSTEMPATH\Autoloader\Autoloader.php(267): CodeIgniter\Autoloader\Autoloader->loadInNamespace('App\\Models\\PresensiSiswaModel')
 4 APPPATH\Controllers\Admin\DataAbsenSiswa.php(28): CodeIgniter\Autoloader\Autoloader->loadClass('App\\Models\\PresensiSiswaModel')
 5 SYSTEMPATH\CodeIgniter.php(904): App\Controllers\Admin\DataAbsenSiswa->__construct()
 6 SYSTEMPATH\CodeIgniter.php(488): CodeIgniter\CodeIgniter->createController()
 7 SYSTEMPATH\CodeIgniter.php(366): CodeIgniter\CodeIgniter->handleRequest(null, Object(Config\Cache), false)
 8 FCPATH\index.php(67): CodeIgniter\CodeIgniter->run()
WARNING - 2023-08-07 05:51:09 --> [DEPRECATED] Required parameter $idKelas follows optional parameter $idPresensi in APPPATH\Models\PresensiSiswaModel.php on line 128.
 1 SYSTEMPATH\Autoloader\Autoloader.php(312): include_once()
 2 SYSTEMPATH\Autoloader\Autoloader.php(289): CodeIgniter\Autoloader\Autoloader->includeFile('D:\\xampp\\htdocs\\absensi-ai\\app\\Models\\PresensiSiswaModel.php')
 3 SYSTEMPATH\Autoloader\Autoloader.php(267): CodeIgniter\Autoloader\Autoloader->loadInNamespace('App\\Models\\PresensiSiswaModel')
 4 APPPATH\Controllers\Admin\DataAbsenSiswa.php(28): CodeIgniter\Autoloader\Autoloader->loadClass('App\\Models\\PresensiSiswaModel')
 5 SYSTEMPATH\CodeIgniter.php(904): App\Controllers\Admin\DataAbsenSiswa->__construct()
 6 SYSTEMPATH\CodeIgniter.php(488): CodeIgniter\CodeIgniter->createController()
 7 SYSTEMPATH\CodeIgniter.php(366): CodeIgniter\CodeIgniter->handleRequest(null, Object(Config\Cache), false)
 8 FCPATH\index.php(67): CodeIgniter\CodeIgniter->run()
WARNING - 2023-08-07 05:51:09 --> [DEPRECATED] Required parameter $idMapel follows optional parameter $idPresensi in APPPATH\Models\PresensiSiswaModel.php on line 128.
 1 SYSTEMPATH\Autoloader\Autoloader.php(312): include_once()
 2 SYSTEMPATH\Autoloader\Autoloader.php(289): CodeIgniter\Autoloader\Autoloader->includeFile('D:\\xampp\\htdocs\\absensi-ai\\app\\Models\\PresensiSiswaModel.php')
 3 SYSTEMPATH\Autoloader\Autoloader.php(267): CodeIgniter\Autoloader\Autoloader->loadInNamespace('App\\Models\\PresensiSiswaModel')
 4 APPPATH\Controllers\Admin\DataAbsenSiswa.php(28): CodeIgniter\Autoloader\Autoloader->loadClass('App\\Models\\PresensiSiswaModel')
 5 SYSTEMPATH\CodeIgniter.php(904): App\Controllers\Admin\DataAbsenSiswa->__construct()
 6 SYSTEMPATH\CodeIgniter.php(488): CodeIgniter\CodeIgniter->createController()
 7 SYSTEMPATH\CodeIgniter.php(366): CodeIgniter\CodeIgniter->handleRequest(null, Object(Config\Cache), false)
 8 FCPATH\index.php(67): CodeIgniter\CodeIgniter->run()
WARNING - 2023-08-07 05:51:09 --> [DEPRECATED] Required parameter $tanggal follows optional parameter $idPresensi in APPPATH\Models\PresensiSiswaModel.php on line 128.
 1 SYSTEMPATH\Autoloader\Autoloader.php(312): include_once()
 2 SYSTEMPATH\Autoloader\Autoloader.php(289): CodeIgniter\Autoloader\Autoloader->includeFile('D:\\xampp\\htdocs\\absensi-ai\\app\\Models\\PresensiSiswaModel.php')
 3 SYSTEMPATH\Autoloader\Autoloader.php(267): CodeIgniter\Autoloader\Autoloader->loadInNamespace('App\\Models\\PresensiSiswaModel')
 4 APPPATH\Controllers\Admin\DataAbsenSiswa.php(28): CodeIgniter\Autoloader\Autoloader->loadClass('App\\Models\\PresensiSiswaModel')
 5 SYSTEMPATH\CodeIgniter.php(904): App\Controllers\Admin\DataAbsenSiswa->__construct()
 6 SYSTEMPATH\CodeIgniter.php(488): CodeIgniter\CodeIgniter->createController()
 7 SYSTEMPATH\CodeIgniter.php(366): CodeIgniter\CodeIgniter->handleRequest(null, Object(Config\Cache), false)
 8 FCPATH\index.php(67): CodeIgniter\CodeIgniter->run()
WARNING - 2023-08-07 05:51:09 --> [DEPRECATED] Required parameter $idKehadiran follows optional parameter $idPresensi in APPPATH\Models\PresensiSiswaModel.php on line 128.
 1 SYSTEMPATH\Autoloader\Autoloader.php(312): include_once()
 2 SYSTEMPATH\Autoloader\Autoloader.php(289): CodeIgniter\Autoloader\Autoloader->includeFile('D:\\xampp\\htdocs\\absensi-ai\\app\\Models\\PresensiSiswaModel.php')
 3 SYSTEMPATH\Autoloader\Autoloader.php(267): CodeIgniter\Autoloader\Autoloader->loadInNamespace('App\\Models\\PresensiSiswaModel')
 4 APPPATH\Controllers\Admin\DataAbsenSiswa.php(28): CodeIgniter\Autoloader\Autoloader->loadClass('App\\Models\\PresensiSiswaModel')
 5 SYSTEMPATH\CodeIgniter.php(904): App\Controllers\Admin\DataAbsenSiswa->__construct()
 6 SYSTEMPATH\CodeIgniter.php(488): CodeIgniter\CodeIgniter->createController()
 7 SYSTEMPATH\CodeIgniter.php(366): CodeIgniter\CodeIgniter->handleRequest(null, Object(Config\Cache), false)
 8 FCPATH\index.php(67): CodeIgniter\CodeIgniter->run()
WARNING - 2023-08-07 05:51:09 --> [DEPRECATED] Required parameter $jamKeluar follows optional parameter $idPresensi in APPPATH\Models\PresensiSiswaModel.php on line 128.
 1 SYSTEMPATH\Autoloader\Autoloader.php(312): include_once()
 2 SYSTEMPATH\Autoloader\Autoloader.php(289): CodeIgniter\Autoloader\Autoloader->includeFile('D:\\xampp\\htdocs\\absensi-ai\\app\\Models\\PresensiSiswaModel.php')
 3 SYSTEMPATH\Autoloader\Autoloader.php(267): CodeIgniter\Autoloader\Autoloader->loadInNamespace('App\\Models\\PresensiSiswaModel')
 4 APPPATH\Controllers\Admin\DataAbsenSiswa.php(28): CodeIgniter\Autoloader\Autoloader->loadClass('App\\Models\\PresensiSiswaModel')
 5 SYSTEMPATH\CodeIgniter.php(904): App\Controllers\Admin\DataAbsenSiswa->__construct()
 6 SYSTEMPATH\CodeIgniter.php(488): CodeIgniter\CodeIgniter->createController()
 7 SYSTEMPATH\CodeIgniter.php(366): CodeIgniter\CodeIgniter->handleRequest(null, Object(Config\Cache), false)
 8 FCPATH\index.php(67): CodeIgniter\CodeIgniter->run()
INFO - 2023-08-07 05:51:12 --> Session: Class initialized using 'CodeIgniter\Session\Handlers\FileHandler' driver.
WARNING - 2023-08-07 05:51:12 --> [DEPRECATED] Required parameter $idSiswa follows optional parameter $idPresensi in APPPATH\Models\PresensiSiswaModel.php on line 128.
 1 SYSTEMPATH\Autoloader\Autoloader.php(312): include_once()
 2 SYSTEMPATH\Autoloader\Autoloader.php(289): CodeIgniter\Autoloader\Autoloader->includeFile('D:\\xampp\\htdocs\\absensi-ai\\app\\Models\\PresensiSiswaModel.php')
 3 SYSTEMPATH\Autoloader\Autoloader.php(267): CodeIgniter\Autoloader\Autoloader->loadInNamespace('App\\Models\\PresensiSiswaModel')
 4 APPPATH\Controllers\Admin\DataAbsenSiswa.php(28): CodeIgniter\Autoloader\Autoloader->loadClass('App\\Models\\PresensiSiswaModel')
 5 SYSTEMPATH\CodeIgniter.php(904): App\Controllers\Admin\DataAbsenSiswa->__construct()
 6 SYSTEMPATH\CodeIgniter.php(488): CodeIgniter\CodeIgniter->createController()
 7 SYSTEMPATH\CodeIgniter.php(366): CodeIgniter\CodeIgniter->handleRequest(null, Object(Config\Cache), false)
 8 FCPATH\index.php(67): CodeIgniter\CodeIgniter->run()
WARNING - 2023-08-07 05:51:12 --> [DEPRECATED] Required parameter $idKelas follows optional parameter $idPresensi in APPPATH\Models\PresensiSiswaModel.php on line 128.
 1 SYSTEMPATH\Autoloader\Autoloader.php(312): include_once()
 2 SYSTEMPATH\Autoloader\Autoloader.php(289): CodeIgniter\Autoloader\Autoloader->includeFile('D:\\xampp\\htdocs\\absensi-ai\\app\\Models\\PresensiSiswaModel.php')
 3 SYSTEMPATH\Autoloader\Autoloader.php(267): CodeIgniter\Autoloader\Autoloader->loadInNamespace('App\\Models\\PresensiSiswaModel')
 4 APPPATH\Controllers\Admin\DataAbsenSiswa.php(28): CodeIgniter\Autoloader\Autoloader->loadClass('App\\Models\\PresensiSiswaModel')
 5 SYSTEMPATH\CodeIgniter.php(904): App\Controllers\Admin\DataAbsenSiswa->__construct()
 6 SYSTEMPATH\CodeIgniter.php(488): CodeIgniter\CodeIgniter->createController()
 7 SYSTEMPATH\CodeIgniter.php(366): CodeIgniter\CodeIgniter->handleRequest(null, Object(Config\Cache), false)
 8 FCPATH\index.php(67): CodeIgniter\CodeIgniter->run()
WARNING - 2023-08-07 05:51:12 --> [DEPRECATED] Required parameter $idMapel follows optional parameter $idPresensi in APPPATH\Models\PresensiSiswaModel.php on line 128.
 1 SYSTEMPATH\Autoloader\Autoloader.php(312): include_once()
 2 SYSTEMPATH\Autoloader\Autoloader.php(289): CodeIgniter\Autoloader\Autoloader->includeFile('D:\\xampp\\htdocs\\absensi-ai\\app\\Models\\PresensiSiswaModel.php')
 3 SYSTEMPATH\Autoloader\Autoloader.php(267): CodeIgniter\Autoloader\Autoloader->loadInNamespace('App\\Models\\PresensiSiswaModel')
 4 APPPATH\Controllers\Admin\DataAbsenSiswa.php(28): CodeIgniter\Autoloader\Autoloader->loadClass('App\\Models\\PresensiSiswaModel')
 5 SYSTEMPATH\CodeIgniter.php(904): App\Controllers\Admin\DataAbsenSiswa->__construct()
 6 SYSTEMPATH\CodeIgniter.php(488): CodeIgniter\CodeIgniter->createController()
 7 SYSTEMPATH\CodeIgniter.php(366): CodeIgniter\CodeIgniter->handleRequest(null, Object(Config\Cache), false)
 8 FCPATH\index.php(67): CodeIgniter\CodeIgniter->run()
WARNING - 2023-08-07 05:51:12 --> [DEPRECATED] Required parameter $tanggal follows optional parameter $idPresensi in APPPATH\Models\PresensiSiswaModel.php on line 128.
 1 SYSTEMPATH\Autoloader\Autoloader.php(312): include_once()
 2 SYSTEMPATH\Autoloader\Autoloader.php(289): CodeIgniter\Autoloader\Autoloader->includeFile('D:\\xampp\\htdocs\\absensi-ai\\app\\Models\\PresensiSiswaModel.php')
 3 SYSTEMPATH\Autoloader\Autoloader.php(267): CodeIgniter\Autoloader\Autoloader->loadInNamespace('App\\Models\\PresensiSiswaModel')
 4 APPPATH\Controllers\Admin\DataAbsenSiswa.php(28): CodeIgniter\Autoloader\Autoloader->loadClass('App\\Models\\PresensiSiswaModel')
 5 SYSTEMPATH\CodeIgniter.php(904): App\Controllers\Admin\DataAbsenSiswa->__construct()
 6 SYSTEMPATH\CodeIgniter.php(488): CodeIgniter\CodeIgniter->createController()
 7 SYSTEMPATH\CodeIgniter.php(366): CodeIgniter\CodeIgniter->handleRequest(null, Object(Config\Cache), false)
 8 FCPATH\index.php(67): CodeIgniter\CodeIgniter->run()
WARNING - 2023-08-07 05:51:12 --> [DEPRECATED] Required parameter $idKehadiran follows optional parameter $idPresensi in APPPATH\Models\PresensiSiswaModel.php on line 128.
 1 SYSTEMPATH\Autoloader\Autoloader.php(312): include_once()
 2 SYSTEMPATH\Autoloader\Autoloader.php(289): CodeIgniter\Autoloader\Autoloader->includeFile('D:\\xampp\\htdocs\\absensi-ai\\app\\Models\\PresensiSiswaModel.php')
 3 SYSTEMPATH\Autoloader\Autoloader.php(267): CodeIgniter\Autoloader\Autoloader->loadInNamespace('App\\Models\\PresensiSiswaModel')
 4 APPPATH\Controllers\Admin\DataAbsenSiswa.php(28): CodeIgniter\Autoloader\Autoloader->loadClass('App\\Models\\PresensiSiswaModel')
 5 SYSTEMPATH\CodeIgniter.php(904): App\Controllers\Admin\DataAbsenSiswa->__construct()
 6 SYSTEMPATH\CodeIgniter.php(488): CodeIgniter\CodeIgniter->createController()
 7 SYSTEMPATH\CodeIgniter.php(366): CodeIgniter\CodeIgniter->handleRequest(null, Object(Config\Cache), false)
 8 FCPATH\index.php(67): CodeIgniter\CodeIgniter->run()
WARNING - 2023-08-07 05:51:12 --> [DEPRECATED] Required parameter $jamKeluar follows optional parameter $idPresensi in APPPATH\Models\PresensiSiswaModel.php on line 128.
 1 SYSTEMPATH\Autoloader\Autoloader.php(312): include_once()
 2 SYSTEMPATH\Autoloader\Autoloader.php(289): CodeIgniter\Autoloader\Autoloader->includeFile('D:\\xampp\\htdocs\\absensi-ai\\app\\Models\\PresensiSiswaModel.php')
 3 SYSTEMPATH\Autoloader\Autoloader.php(267): CodeIgniter\Autoloader\Autoloader->loadInNamespace('App\\Models\\PresensiSiswaModel')
 4 APPPATH\Controllers\Admin\DataAbsenSiswa.php(28): CodeIgniter\Autoloader\Autoloader->loadClass('App\\Models\\PresensiSiswaModel')
 5 SYSTEMPATH\CodeIgniter.php(904): App\Controllers\Admin\DataAbsenSiswa->__construct()
 6 SYSTEMPATH\CodeIgniter.php(488): CodeIgniter\CodeIgniter->createController()
 7 SYSTEMPATH\CodeIgniter.php(366): CodeIgniter\CodeIgniter->handleRequest(null, Object(Config\Cache), false)
 8 FCPATH\index.php(67): CodeIgniter\CodeIgniter->run()
INFO - 2023-08-07 05:51:15 --> Session: Class initialized using 'CodeIgniter\Session\Handlers\FileHandler' driver.
WARNING - 2023-08-07 05:51:15 --> [DEPRECATED] Required parameter $idSiswa follows optional parameter $idPresensi in APPPATH\Models\PresensiSiswaModel.php on line 128.
 1 SYSTEMPATH\Autoloader\Autoloader.php(312): include_once()
 2 SYSTEMPATH\Autoloader\Autoloader.php(289): CodeIgniter\Autoloader\Autoloader->includeFile('D:\\xampp\\htdocs\\absensi-ai\\app\\Models\\PresensiSiswaModel.php')
 3 SYSTEMPATH\Autoloader\Autoloader.php(267): CodeIgniter\Autoloader\Autoloader->loadInNamespace('App\\Models\\PresensiSiswaModel')
 4 APPPATH\Controllers\Admin\DataAbsenSiswa.php(28): CodeIgniter\Autoloader\Autoloader->loadClass('App\\Models\\PresensiSiswaModel')
 5 SYSTEMPATH\CodeIgniter.php(904): App\Controllers\Admin\DataAbsenSiswa->__construct()
 6 SYSTEMPATH\CodeIgniter.php(488): CodeIgniter\CodeIgniter->createController()
 7 SYSTEMPATH\CodeIgniter.php(366): CodeIgniter\CodeIgniter->handleRequest(null, Object(Config\Cache), false)
 8 FCPATH\index.php(67): CodeIgniter\CodeIgniter->run()
WARNING - 2023-08-07 05:51:15 --> [DEPRECATED] Required parameter $idKelas follows optional parameter $idPresensi in APPPATH\Models\PresensiSiswaModel.php on line 128.
 1 SYSTEMPATH\Autoloader\Autoloader.php(312): include_once()
 2 SYSTEMPATH\Autoloader\Autoloader.php(289): CodeIgniter\Autoloader\Autoloader->includeFile('D:\\xampp\\htdocs\\absensi-ai\\app\\Models\\PresensiSiswaModel.php')
 3 SYSTEMPATH\Autoloader\Autoloader.php(267): CodeIgniter\Autoloader\Autoloader->loadInNamespace('App\\Models\\PresensiSiswaModel')
 4 APPPATH\Controllers\Admin\DataAbsenSiswa.php(28): CodeIgniter\Autoloader\Autoloader->loadClass('App\\Models\\PresensiSiswaModel')
 5 SYSTEMPATH\CodeIgniter.php(904): App\Controllers\Admin\DataAbsenSiswa->__construct()
 6 SYSTEMPATH\CodeIgniter.php(488): CodeIgniter\CodeIgniter->createController()
 7 SYSTEMPATH\CodeIgniter.php(366): CodeIgniter\CodeIgniter->handleRequest(null, Object(Config\Cache), false)
 8 FCPATH\index.php(67): CodeIgniter\CodeIgniter->run()
WARNING - 2023-08-07 05:51:15 --> [DEPRECATED] Required parameter $idMapel follows optional parameter $idPresensi in APPPATH\Models\PresensiSiswaModel.php on line 128.
 1 SYSTEMPATH\Autoloader\Autoloader.php(312): include_once()
 2 SYSTEMPATH\Autoloader\Autoloader.php(289): CodeIgniter\Autoloader\Autoloader->includeFile('D:\\xampp\\htdocs\\absensi-ai\\app\\Models\\PresensiSiswaModel.php')
 3 SYSTEMPATH\Autoloader\Autoloader.php(267): CodeIgniter\Autoloader\Autoloader->loadInNamespace('App\\Models\\PresensiSiswaModel')
 4 APPPATH\Controllers\Admin\DataAbsenSiswa.php(28): CodeIgniter\Autoloader\Autoloader->loadClass('App\\Models\\PresensiSiswaModel')
 5 SYSTEMPATH\CodeIgniter.php(904): App\Controllers\Admin\DataAbsenSiswa->__construct()
 6 SYSTEMPATH\CodeIgniter.php(488): CodeIgniter\CodeIgniter->createController()
 7 SYSTEMPATH\CodeIgniter.php(366): CodeIgniter\CodeIgniter->handleRequest(null, Object(Config\Cache), false)
 8 FCPATH\index.php(67): CodeIgniter\CodeIgniter->run()
WARNING - 2023-08-07 05:51:15 --> [DEPRECATED] Required parameter $tanggal follows optional parameter $idPresensi in APPPATH\Models\PresensiSiswaModel.php on line 128.
 1 SYSTEMPATH\Autoloader\Autoloader.php(312): include_once()
 2 SYSTEMPATH\Autoloader\Autoloader.php(289): CodeIgniter\Autoloader\Autoloader->includeFile('D:\\xampp\\htdocs\\absensi-ai\\app\\Models\\PresensiSiswaModel.php')
 3 SYSTEMPATH\Autoloader\Autoloader.php(267): CodeIgniter\Autoloader\Autoloader->loadInNamespace('App\\Models\\PresensiSiswaModel')
 4 APPPATH\Controllers\Admin\DataAbsenSiswa.php(28): CodeIgniter\Autoloader\Autoloader->loadClass('App\\Models\\PresensiSiswaModel')
 5 SYSTEMPATH\CodeIgniter.php(904): App\Controllers\Admin\DataAbsenSiswa->__construct()
 6 SYSTEMPATH\CodeIgniter.php(488): CodeIgniter\CodeIgniter->createController()
 7 SYSTEMPATH\CodeIgniter.php(366): CodeIgniter\CodeIgniter->handleRequest(null, Object(Config\Cache), false)
 8 FCPATH\index.php(67): CodeIgniter\CodeIgniter->run()
WARNING - 2023-08-07 05:51:15 --> [DEPRECATED] Required parameter $idKehadiran follows optional parameter $idPresensi in APPPATH\Models\PresensiSiswaModel.php on line 128.
 1 SYSTEMPATH\Autoloader\Autoloader.php(312): include_once()
 2 SYSTEMPATH\Autoloader\Autoloader.php(289): CodeIgniter\Autoloader\Autoloader->includeFile('D:\\xampp\\htdocs\\absensi-ai\\app\\Models\\PresensiSiswaModel.php')
 3 SYSTEMPATH\Autoloader\Autoloader.php(267): CodeIgniter\Autoloader\Autoloader->loadInNamespace('App\\Models\\PresensiSiswaModel')
 4 APPPATH\Controllers\Admin\DataAbsenSiswa.php(28): CodeIgniter\Autoloader\Autoloader->loadClass('App\\Models\\PresensiSiswaModel')
 5 SYSTEMPATH\CodeIgniter.php(904): App\Controllers\Admin\DataAbsenSiswa->__construct()
 6 SYSTEMPATH\CodeIgniter.php(488): CodeIgniter\CodeIgniter->createController()
 7 SYSTEMPATH\CodeIgniter.php(366): CodeIgniter\CodeIgniter->handleRequest(null, Object(Config\Cache), false)
 8 FCPATH\index.php(67): CodeIgniter\CodeIgniter->run()
WARNING - 2023-08-07 05:51:15 --> [DEPRECATED] Required parameter $jamKeluar follows optional parameter $idPresensi in APPPATH\Models\PresensiSiswaModel.php on line 128.
 1 SYSTEMPATH\Autoloader\Autoloader.php(312): include_once()
 2 SYSTEMPATH\Autoloader\Autoloader.php(289): CodeIgniter\Autoloader\Autoloader->includeFile('D:\\xampp\\htdocs\\absensi-ai\\app\\Models\\PresensiSiswaModel.php')
 3 SYSTEMPATH\Autoloader\Autoloader.php(267): CodeIgniter\Autoloader\Autoloader->loadInNamespace('App\\Models\\PresensiSiswaModel')
 4 APPPATH\Controllers\Admin\DataAbsenSiswa.php(28): CodeIgniter\Autoloader\Autoloader->loadClass('App\\Models\\PresensiSiswaModel')
 5 SYSTEMPATH\CodeIgniter.php(904): App\Controllers\Admin\DataAbsenSiswa->__construct()
 6 SYSTEMPATH\CodeIgniter.php(488): CodeIgniter\CodeIgniter->createController()
 7 SYSTEMPATH\CodeIgniter.php(366): CodeIgniter\CodeIgniter->handleRequest(null, Object(Config\Cache), false)
 8 FCPATH\index.php(67): CodeIgniter\CodeIgniter->run()
INFO - 2023-08-07 05:52:41 --> Session: Class initialized using 'CodeIgniter\Session\Handlers\FileHandler' driver.
WARNING - 2023-08-07 05:52:41 --> [DEPRECATED] Required parameter $idSiswa follows optional parameter $idPresensi in APPPATH\Models\PresensiSiswaModel.php on line 128.
 1 SYSTEMPATH\Autoloader\Autoloader.php(312): include_once()
 2 SYSTEMPATH\Autoloader\Autoloader.php(289): CodeIgniter\Autoloader\Autoloader->includeFile('D:\\xampp\\htdocs\\absensi-ai\\app\\Models\\PresensiSiswaModel.php')
 3 SYSTEMPATH\Autoloader\Autoloader.php(267): CodeIgniter\Autoloader\Autoloader->loadInNamespace('App\\Models\\PresensiSiswaModel')
 4 APPPATH\Controllers\Admin\DataAbsenSiswa.php(28): CodeIgniter\Autoloader\Autoloader->loadClass('App\\Models\\PresensiSiswaModel')
 5 SYSTEMPATH\CodeIgniter.php(904): App\Controllers\Admin\DataAbsenSiswa->__construct()
 6 SYSTEMPATH\CodeIgniter.php(488): CodeIgniter\CodeIgniter->createController()
 7 SYSTEMPATH\CodeIgniter.php(366): CodeIgniter\CodeIgniter->handleRequest(null, Object(Config\Cache), false)
 8 FCPATH\index.php(67): CodeIgniter\CodeIgniter->run()
WARNING - 2023-08-07 05:52:41 --> [DEPRECATED] Required parameter $idKelas follows optional parameter $idPresensi in APPPATH\Models\PresensiSiswaModel.php on line 128.
 1 SYSTEMPATH\Autoloader\Autoloader.php(312): include_once()
 2 SYSTEMPATH\Autoloader\Autoloader.php(289): CodeIgniter\Autoloader\Autoloader->includeFile('D:\\xampp\\htdocs\\absensi-ai\\app\\Models\\PresensiSiswaModel.php')
 3 SYSTEMPATH\Autoloader\Autoloader.php(267): CodeIgniter\Autoloader\Autoloader->loadInNamespace('App\\Models\\PresensiSiswaModel')
 4 APPPATH\Controllers\Admin\DataAbsenSiswa.php(28): CodeIgniter\Autoloader\Autoloader->loadClass('App\\Models\\PresensiSiswaModel')
 5 SYSTEMPATH\CodeIgniter.php(904): App\Controllers\Admin\DataAbsenSiswa->__construct()
 6 SYSTEMPATH\CodeIgniter.php(488): CodeIgniter\CodeIgniter->createController()
 7 SYSTEMPATH\CodeIgniter.php(366): CodeIgniter\CodeIgniter->handleRequest(null, Object(Config\Cache), false)
 8 FCPATH\index.php(67): CodeIgniter\CodeIgniter->run()
WARNING - 2023-08-07 05:52:41 --> [DEPRECATED] Required parameter $idMapel follows optional parameter $idPresensi in APPPATH\Models\PresensiSiswaModel.php on line 128.
 1 SYSTEMPATH\Autoloader\Autoloader.php(312): include_once()
 2 SYSTEMPATH\Autoloader\Autoloader.php(289): CodeIgniter\Autoloader\Autoloader->includeFile('D:\\xampp\\htdocs\\absensi-ai\\app\\Models\\PresensiSiswaModel.php')
 3 SYSTEMPATH\Autoloader\Autoloader.php(267): CodeIgniter\Autoloader\Autoloader->loadInNamespace('App\\Models\\PresensiSiswaModel')
 4 APPPATH\Controllers\Admin\DataAbsenSiswa.php(28): CodeIgniter\Autoloader\Autoloader->loadClass('App\\Models\\PresensiSiswaModel')
 5 SYSTEMPATH\CodeIgniter.php(904): App\Controllers\Admin\DataAbsenSiswa->__construct()
 6 SYSTEMPATH\CodeIgniter.php(488): CodeIgniter\CodeIgniter->createController()
 7 SYSTEMPATH\CodeIgniter.php(366): CodeIgniter\CodeIgniter->handleRequest(null, Object(Config\Cache), false)
 8 FCPATH\index.php(67): CodeIgniter\CodeIgniter->run()
WARNING - 2023-08-07 05:52:41 --> [DEPRECATED] Required parameter $tanggal follows optional parameter $idPresensi in APPPATH\Models\PresensiSiswaModel.php on line 128.
 1 SYSTEMPATH\Autoloader\Autoloader.php(312): include_once()
 2 SYSTEMPATH\Autoloader\Autoloader.php(289): CodeIgniter\Autoloader\Autoloader->includeFile('D:\\xampp\\htdocs\\absensi-ai\\app\\Models\\PresensiSiswaModel.php')
 3 SYSTEMPATH\Autoloader\Autoloader.php(267): CodeIgniter\Autoloader\Autoloader->loadInNamespace('App\\Models\\PresensiSiswaModel')
 4 APPPATH\Controllers\Admin\DataAbsenSiswa.php(28): CodeIgniter\Autoloader\Autoloader->loadClass('App\\Models\\PresensiSiswaModel')
 5 SYSTEMPATH\CodeIgniter.php(904): App\Controllers\Admin\DataAbsenSiswa->__construct()
 6 SYSTEMPATH\CodeIgniter.php(488): CodeIgniter\CodeIgniter->createController()
 7 SYSTEMPATH\CodeIgniter.php(366): CodeIgniter\CodeIgniter->handleRequest(null, Object(Config\Cache), false)
 8 FCPATH\index.php(67): CodeIgniter\CodeIgniter->run()
WARNING - 2023-08-07 05:52:41 --> [DEPRECATED] Required parameter $idKehadiran follows optional parameter $idPresensi in APPPATH\Models\PresensiSiswaModel.php on line 128.
 1 SYSTEMPATH\Autoloader\Autoloader.php(312): include_once()
 2 SYSTEMPATH\Autoloader\Autoloader.php(289): CodeIgniter\Autoloader\Autoloader->includeFile('D:\\xampp\\htdocs\\absensi-ai\\app\\Models\\PresensiSiswaModel.php')
 3 SYSTEMPATH\Autoloader\Autoloader.php(267): CodeIgniter\Autoloader\Autoloader->loadInNamespace('App\\Models\\PresensiSiswaModel')
 4 APPPATH\Controllers\Admin\DataAbsenSiswa.php(28): CodeIgniter\Autoloader\Autoloader->loadClass('App\\Models\\PresensiSiswaModel')
 5 SYSTEMPATH\CodeIgniter.php(904): App\Controllers\Admin\DataAbsenSiswa->__construct()
 6 SYSTEMPATH\CodeIgniter.php(488): CodeIgniter\CodeIgniter->createController()
 7 SYSTEMPATH\CodeIgniter.php(366): CodeIgniter\CodeIgniter->handleRequest(null, Object(Config\Cache), false)
 8 FCPATH\index.php(67): CodeIgniter\CodeIgniter->run()
WARNING - 2023-08-07 05:52:41 --> [DEPRECATED] Required parameter $jamKeluar follows optional parameter $idPresensi in APPPATH\Models\PresensiSiswaModel.php on line 128.
 1 SYSTEMPATH\Autoloader\Autoloader.php(312): include_once()
 2 SYSTEMPATH\Autoloader\Autoloader.php(289): CodeIgniter\Autoloader\Autoloader->includeFile('D:\\xampp\\htdocs\\absensi-ai\\app\\Models\\PresensiSiswaModel.php')
 3 SYSTEMPATH\Autoloader\Autoloader.php(267): CodeIgniter\Autoloader\Autoloader->loadInNamespace('App\\Models\\PresensiSiswaModel')
 4 APPPATH\Controllers\Admin\DataAbsenSiswa.php(28): CodeIgniter\Autoloader\Autoloader->loadClass('App\\Models\\PresensiSiswaModel')
 5 SYSTEMPATH\CodeIgniter.php(904): App\Controllers\Admin\DataAbsenSiswa->__construct()
 6 SYSTEMPATH\CodeIgniter.php(488): CodeIgniter\CodeIgniter->createController()
 7 SYSTEMPATH\CodeIgniter.php(366): CodeIgniter\CodeIgniter->handleRequest(null, Object(Config\Cache), false)
 8 FCPATH\index.php(67): CodeIgniter\CodeIgniter->run()
INFO - 2023-08-07 05:52:52 --> Session: Class initialized using 'CodeIgniter\Session\Handlers\FileHandler' driver.
WARNING - 2023-08-07 05:52:52 --> [DEPRECATED] Required parameter $idSiswa follows optional parameter $idPresensi in APPPATH\Models\PresensiSiswaModel.php on line 128.
 1 SYSTEMPATH\Autoloader\Autoloader.php(312): include_once()
 2 SYSTEMPATH\Autoloader\Autoloader.php(289): CodeIgniter\Autoloader\Autoloader->includeFile('D:\\xampp\\htdocs\\absensi-ai\\app\\Models\\PresensiSiswaModel.php')
 3 SYSTEMPATH\Autoloader\Autoloader.php(267): CodeIgniter\Autoloader\Autoloader->loadInNamespace('App\\Models\\PresensiSiswaModel')
 4 APPPATH\Controllers\Admin\DataAbsenSiswa.php(28): CodeIgniter\Autoloader\Autoloader->loadClass('App\\Models\\PresensiSiswaModel')
 5 SYSTEMPATH\CodeIgniter.php(904): App\Controllers\Admin\DataAbsenSiswa->__construct()
 6 SYSTEMPATH\CodeIgniter.php(488): CodeIgniter\CodeIgniter->createController()
 7 SYSTEMPATH\CodeIgniter.php(366): CodeIgniter\CodeIgniter->handleRequest(null, Object(Config\Cache), false)
 8 FCPATH\index.php(67): CodeIgniter\CodeIgniter->run()
WARNING - 2023-08-07 05:52:52 --> [DEPRECATED] Required parameter $idKelas follows optional parameter $idPresensi in APPPATH\Models\PresensiSiswaModel.php on line 128.
 1 SYSTEMPATH\Autoloader\Autoloader.php(312): include_once()
 2 SYSTEMPATH\Autoloader\Autoloader.php(289): CodeIgniter\Autoloader\Autoloader->includeFile('D:\\xampp\\htdocs\\absensi-ai\\app\\Models\\PresensiSiswaModel.php')
 3 SYSTEMPATH\Autoloader\Autoloader.php(267): CodeIgniter\Autoloader\Autoloader->loadInNamespace('App\\Models\\PresensiSiswaModel')
 4 APPPATH\Controllers\Admin\DataAbsenSiswa.php(28): CodeIgniter\Autoloader\Autoloader->loadClass('App\\Models\\PresensiSiswaModel')
 5 SYSTEMPATH\CodeIgniter.php(904): App\Controllers\Admin\DataAbsenSiswa->__construct()
 6 SYSTEMPATH\CodeIgniter.php(488): CodeIgniter\CodeIgniter->createController()
 7 SYSTEMPATH\CodeIgniter.php(366): CodeIgniter\CodeIgniter->handleRequest(null, Object(Config\Cache), false)
 8 FCPATH\index.php(67): CodeIgniter\CodeIgniter->run()
WARNING - 2023-08-07 05:52:52 --> [DEPRECATED] Required parameter $idMapel follows optional parameter $idPresensi in APPPATH\Models\PresensiSiswaModel.php on line 128.
 1 SYSTEMPATH\Autoloader\Autoloader.php(312): include_once()
 2 SYSTEMPATH\Autoloader\Autoloader.php(289): CodeIgniter\Autoloader\Autoloader->includeFile('D:\\xampp\\htdocs\\absensi-ai\\app\\Models\\PresensiSiswaModel.php')
 3 SYSTEMPATH\Autoloader\Autoloader.php(267): CodeIgniter\Autoloader\Autoloader->loadInNamespace('App\\Models\\PresensiSiswaModel')
 4 APPPATH\Controllers\Admin\DataAbsenSiswa.php(28): CodeIgniter\Autoloader\Autoloader->loadClass('App\\Models\\PresensiSiswaModel')
 5 SYSTEMPATH\CodeIgniter.php(904): App\Controllers\Admin\DataAbsenSiswa->__construct()
 6 SYSTEMPATH\CodeIgniter.php(488): CodeIgniter\CodeIgniter->createController()
 7 SYSTEMPATH\CodeIgniter.php(366): CodeIgniter\CodeIgniter->handleRequest(null, Object(Config\Cache), false)
 8 FCPATH\index.php(67): CodeIgniter\CodeIgniter->run()
WARNING - 2023-08-07 05:52:52 --> [DEPRECATED] Required parameter $tanggal follows optional parameter $idPresensi in APPPATH\Models\PresensiSiswaModel.php on line 128.
 1 SYSTEMPATH\Autoloader\Autoloader.php(312): include_once()
 2 SYSTEMPATH\Autoloader\Autoloader.php(289): CodeIgniter\Autoloader\Autoloader->includeFile('D:\\xampp\\htdocs\\absensi-ai\\app\\Models\\PresensiSiswaModel.php')
 3 SYSTEMPATH\Autoloader\Autoloader.php(267): CodeIgniter\Autoloader\Autoloader->loadInNamespace('App\\Models\\PresensiSiswaModel')
 4 APPPATH\Controllers\Admin\DataAbsenSiswa.php(28): CodeIgniter\Autoloader\Autoloader->loadClass('App\\Models\\PresensiSiswaModel')
 5 SYSTEMPATH\CodeIgniter.php(904): App\Controllers\Admin\DataAbsenSiswa->__construct()
 6 SYSTEMPATH\CodeIgniter.php(488): CodeIgniter\CodeIgniter->createController()
 7 SYSTEMPATH\CodeIgniter.php(366): CodeIgniter\CodeIgniter->handleRequest(null, Object(Config\Cache), false)
 8 FCPATH\index.php(67): CodeIgniter\CodeIgniter->run()
WARNING - 2023-08-07 05:52:52 --> [DEPRECATED] Required parameter $idKehadiran follows optional parameter $idPresensi in APPPATH\Models\PresensiSiswaModel.php on line 128.
 1 SYSTEMPATH\Autoloader\Autoloader.php(312): include_once()
 2 SYSTEMPATH\Autoloader\Autoloader.php(289): CodeIgniter\Autoloader\Autoloader->includeFile('D:\\xampp\\htdocs\\absensi-ai\\app\\Models\\PresensiSiswaModel.php')
 3 SYSTEMPATH\Autoloader\Autoloader.php(267): CodeIgniter\Autoloader\Autoloader->loadInNamespace('App\\Models\\PresensiSiswaModel')
 4 APPPATH\Controllers\Admin\DataAbsenSiswa.php(28): CodeIgniter\Autoloader\Autoloader->loadClass('App\\Models\\PresensiSiswaModel')
 5 SYSTEMPATH\CodeIgniter.php(904): App\Controllers\Admin\DataAbsenSiswa->__construct()
 6 SYSTEMPATH\CodeIgniter.php(488): CodeIgniter\CodeIgniter->createController()
 7 SYSTEMPATH\CodeIgniter.php(366): CodeIgniter\CodeIgniter->handleRequest(null, Object(Config\Cache), false)
 8 FCPATH\index.php(67): CodeIgniter\CodeIgniter->run()
WARNING - 2023-08-07 05:52:52 --> [DEPRECATED] Required parameter $jamKeluar follows optional parameter $idPresensi in APPPATH\Models\PresensiSiswaModel.php on line 128.
 1 SYSTEMPATH\Autoloader\Autoloader.php(312): include_once()
 2 SYSTEMPATH\Autoloader\Autoloader.php(289): CodeIgniter\Autoloader\Autoloader->includeFile('D:\\xampp\\htdocs\\absensi-ai\\app\\Models\\PresensiSiswaModel.php')
 3 SYSTEMPATH\Autoloader\Autoloader.php(267): CodeIgniter\Autoloader\Autoloader->loadInNamespace('App\\Models\\PresensiSiswaModel')
 4 APPPATH\Controllers\Admin\DataAbsenSiswa.php(28): CodeIgniter\Autoloader\Autoloader->loadClass('App\\Models\\PresensiSiswaModel')
 5 SYSTEMPATH\CodeIgniter.php(904): App\Controllers\Admin\DataAbsenSiswa->__construct()
 6 SYSTEMPATH\CodeIgniter.php(488): CodeIgniter\CodeIgniter->createController()
 7 SYSTEMPATH\CodeIgniter.php(366): CodeIgniter\CodeIgniter->handleRequest(null, Object(Config\Cache), false)
 8 FCPATH\index.php(67): CodeIgniter\CodeIgniter->run()
INFO - 2023-08-07 05:52:52 --> Session: Class initialized using 'CodeIgniter\Session\Handlers\FileHandler' driver.
WARNING - 2023-08-07 05:52:52 --> [DEPRECATED] Required parameter $idSiswa follows optional parameter $idPresensi in APPPATH\Models\PresensiSiswaModel.php on line 128.
 1 SYSTEMPATH\Autoloader\Autoloader.php(312): include_once()
 2 SYSTEMPATH\Autoloader\Autoloader.php(289): CodeIgniter\Autoloader\Autoloader->includeFile('D:\\xampp\\htdocs\\absensi-ai\\app\\Models\\PresensiSiswaModel.php')
 3 SYSTEMPATH\Autoloader\Autoloader.php(267): CodeIgniter\Autoloader\Autoloader->loadInNamespace('App\\Models\\PresensiSiswaModel')
 4 APPPATH\Controllers\Admin\DataAbsenSiswa.php(28): CodeIgniter\Autoloader\Autoloader->loadClass('App\\Models\\PresensiSiswaModel')
 5 SYSTEMPATH\CodeIgniter.php(904): App\Controllers\Admin\DataAbsenSiswa->__construct()
 6 SYSTEMPATH\CodeIgniter.php(488): CodeIgniter\CodeIgniter->createController()
 7 SYSTEMPATH\CodeIgniter.php(366): CodeIgniter\CodeIgniter->handleRequest(null, Object(Config\Cache), false)
 8 FCPATH\index.php(67): CodeIgniter\CodeIgniter->run()
WARNING - 2023-08-07 05:52:52 --> [DEPRECATED] Required parameter $idKelas follows optional parameter $idPresensi in APPPATH\Models\PresensiSiswaModel.php on line 128.
 1 SYSTEMPATH\Autoloader\Autoloader.php(312): include_once()
 2 SYSTEMPATH\Autoloader\Autoloader.php(289): CodeIgniter\Autoloader\Autoloader->includeFile('D:\\xampp\\htdocs\\absensi-ai\\app\\Models\\PresensiSiswaModel.php')
 3 SYSTEMPATH\Autoloader\Autoloader.php(267): CodeIgniter\Autoloader\Autoloader->loadInNamespace('App\\Models\\PresensiSiswaModel')
 4 APPPATH\Controllers\Admin\DataAbsenSiswa.php(28): CodeIgniter\Autoloader\Autoloader->loadClass('App\\Models\\PresensiSiswaModel')
 5 SYSTEMPATH\CodeIgniter.php(904): App\Controllers\Admin\DataAbsenSiswa->__construct()
 6 SYSTEMPATH\CodeIgniter.php(488): CodeIgniter\CodeIgniter->createController()
 7 SYSTEMPATH\CodeIgniter.php(366): CodeIgniter\CodeIgniter->handleRequest(null, Object(Config\Cache), false)
 8 FCPATH\index.php(67): CodeIgniter\CodeIgniter->run()
WARNING - 2023-08-07 05:52:52 --> [DEPRECATED] Required parameter $idMapel follows optional parameter $idPresensi in APPPATH\Models\PresensiSiswaModel.php on line 128.
 1 SYSTEMPATH\Autoloader\Autoloader.php(312): include_once()
 2 SYSTEMPATH\Autoloader\Autoloader.php(289): CodeIgniter\Autoloader\Autoloader->includeFile('D:\\xampp\\htdocs\\absensi-ai\\app\\Models\\PresensiSiswaModel.php')
 3 SYSTEMPATH\Autoloader\Autoloader.php(267): CodeIgniter\Autoloader\Autoloader->loadInNamespace('App\\Models\\PresensiSiswaModel')
 4 APPPATH\Controllers\Admin\DataAbsenSiswa.php(28): CodeIgniter\Autoloader\Autoloader->loadClass('App\\Models\\PresensiSiswaModel')
 5 SYSTEMPATH\CodeIgniter.php(904): App\Controllers\Admin\DataAbsenSiswa->__construct()
 6 SYSTEMPATH\CodeIgniter.php(488): CodeIgniter\CodeIgniter->createController()
 7 SYSTEMPATH\CodeIgniter.php(366): CodeIgniter\CodeIgniter->handleRequest(null, Object(Config\Cache), false)
 8 FCPATH\index.php(67): CodeIgniter\CodeIgniter->run()
WARNING - 2023-08-07 05:52:52 --> [DEPRECATED] Required parameter $tanggal follows optional parameter $idPresensi in APPPATH\Models\PresensiSiswaModel.php on line 128.
 1 SYSTEMPATH\Autoloader\Autoloader.php(312): include_once()
 2 SYSTEMPATH\Autoloader\Autoloader.php(289): CodeIgniter\Autoloader\Autoloader->includeFile('D:\\xampp\\htdocs\\absensi-ai\\app\\Models\\PresensiSiswaModel.php')
 3 SYSTEMPATH\Autoloader\Autoloader.php(267): CodeIgniter\Autoloader\Autoloader->loadInNamespace('App\\Models\\PresensiSiswaModel')
 4 APPPATH\Controllers\Admin\DataAbsenSiswa.php(28): CodeIgniter\Autoloader\Autoloader->loadClass('App\\Models\\PresensiSiswaModel')
 5 SYSTEMPATH\CodeIgniter.php(904): App\Controllers\Admin\DataAbsenSiswa->__construct()
 6 SYSTEMPATH\CodeIgniter.php(488): CodeIgniter\CodeIgniter->createController()
 7 SYSTEMPATH\CodeIgniter.php(366): CodeIgniter\CodeIgniter->handleRequest(null, Object(Config\Cache), false)
 8 FCPATH\index.php(67): CodeIgniter\CodeIgniter->run()
WARNING - 2023-08-07 05:52:52 --> [DEPRECATED] Required parameter $idKehadiran follows optional parameter $idPresensi in APPPATH\Models\PresensiSiswaModel.php on line 128.
 1 SYSTEMPATH\Autoloader\Autoloader.php(312): include_once()
 2 SYSTEMPATH\Autoloader\Autoloader.php(289): CodeIgniter\Autoloader\Autoloader->includeFile('D:\\xampp\\htdocs\\absensi-ai\\app\\Models\\PresensiSiswaModel.php')
 3 SYSTEMPATH\Autoloader\Autoloader.php(267): CodeIgniter\Autoloader\Autoloader->loadInNamespace('App\\Models\\PresensiSiswaModel')
 4 APPPATH\Controllers\Admin\DataAbsenSiswa.php(28): CodeIgniter\Autoloader\Autoloader->loadClass('App\\Models\\PresensiSiswaModel')
 5 SYSTEMPATH\CodeIgniter.php(904): App\Controllers\Admin\DataAbsenSiswa->__construct()
 6 SYSTEMPATH\CodeIgniter.php(488): CodeIgniter\CodeIgniter->createController()
 7 SYSTEMPATH\CodeIgniter.php(366): CodeIgniter\CodeIgniter->handleRequest(null, Object(Config\Cache), false)
 8 FCPATH\index.php(67): CodeIgniter\CodeIgniter->run()
WARNING - 2023-08-07 05:52:52 --> [DEPRECATED] Required parameter $jamKeluar follows optional parameter $idPresensi in APPPATH\Models\PresensiSiswaModel.php on line 128.
 1 SYSTEMPATH\Autoloader\Autoloader.php(312): include_once()
 2 SYSTEMPATH\Autoloader\Autoloader.php(289): CodeIgniter\Autoloader\Autoloader->includeFile('D:\\xampp\\htdocs\\absensi-ai\\app\\Models\\PresensiSiswaModel.php')
 3 SYSTEMPATH\Autoloader\Autoloader.php(267): CodeIgniter\Autoloader\Autoloader->loadInNamespace('App\\Models\\PresensiSiswaModel')
 4 APPPATH\Controllers\Admin\DataAbsenSiswa.php(28): CodeIgniter\Autoloader\Autoloader->loadClass('App\\Models\\PresensiSiswaModel')
 5 SYSTEMPATH\CodeIgniter.php(904): App\Controllers\Admin\DataAbsenSiswa->__construct()
 6 SYSTEMPATH\CodeIgniter.php(488): CodeIgniter\CodeIgniter->createController()
 7 SYSTEMPATH\CodeIgniter.php(366): CodeIgniter\CodeIgniter->handleRequest(null, Object(Config\Cache), false)
 8 FCPATH\index.php(67): CodeIgniter\CodeIgniter->run()
INFO - 2023-08-07 05:52:56 --> Session: Class initialized using 'CodeIgniter\Session\Handlers\FileHandler' driver.
WARNING - 2023-08-07 05:52:56 --> [DEPRECATED] Required parameter $idSiswa follows optional parameter $idPresensi in APPPATH\Models\PresensiSiswaModel.php on line 128.
 1 SYSTEMPATH\Autoloader\Autoloader.php(312): include_once()
 2 SYSTEMPATH\Autoloader\Autoloader.php(289): CodeIgniter\Autoloader\Autoloader->includeFile('D:\\xampp\\htdocs\\absensi-ai\\app\\Models\\PresensiSiswaModel.php')
 3 SYSTEMPATH\Autoloader\Autoloader.php(267): CodeIgniter\Autoloader\Autoloader->loadInNamespace('App\\Models\\PresensiSiswaModel')
 4 APPPATH\Controllers\Admin\DataAbsenSiswa.php(28): CodeIgniter\Autoloader\Autoloader->loadClass('App\\Models\\PresensiSiswaModel')
 5 SYSTEMPATH\CodeIgniter.php(904): App\Controllers\Admin\DataAbsenSiswa->__construct()
 6 SYSTEMPATH\CodeIgniter.php(488): CodeIgniter\CodeIgniter->createController()
 7 SYSTEMPATH\CodeIgniter.php(366): CodeIgniter\CodeIgniter->handleRequest(null, Object(Config\Cache), false)
 8 FCPATH\index.php(67): CodeIgniter\CodeIgniter->run()
WARNING - 2023-08-07 05:52:56 --> [DEPRECATED] Required parameter $idKelas follows optional parameter $idPresensi in APPPATH\Models\PresensiSiswaModel.php on line 128.
 1 SYSTEMPATH\Autoloader\Autoloader.php(312): include_once()
 2 SYSTEMPATH\Autoloader\Autoloader.php(289): CodeIgniter\Autoloader\Autoloader->includeFile('D:\\xampp\\htdocs\\absensi-ai\\app\\Models\\PresensiSiswaModel.php')
 3 SYSTEMPATH\Autoloader\Autoloader.php(267): CodeIgniter\Autoloader\Autoloader->loadInNamespace('App\\Models\\PresensiSiswaModel')
 4 APPPATH\Controllers\Admin\DataAbsenSiswa.php(28): CodeIgniter\Autoloader\Autoloader->loadClass('App\\Models\\PresensiSiswaModel')
 5 SYSTEMPATH\CodeIgniter.php(904): App\Controllers\Admin\DataAbsenSiswa->__construct()
 6 SYSTEMPATH\CodeIgniter.php(488): CodeIgniter\CodeIgniter->createController()
 7 SYSTEMPATH\CodeIgniter.php(366): CodeIgniter\CodeIgniter->handleRequest(null, Object(Config\Cache), false)
 8 FCPATH\index.php(67): CodeIgniter\CodeIgniter->run()
WARNING - 2023-08-07 05:52:56 --> [DEPRECATED] Required parameter $idMapel follows optional parameter $idPresensi in APPPATH\Models\PresensiSiswaModel.php on line 128.
 1 SYSTEMPATH\Autoloader\Autoloader.php(312): include_once()
 2 SYSTEMPATH\Autoloader\Autoloader.php(289): CodeIgniter\Autoloader\Autoloader->includeFile('D:\\xampp\\htdocs\\absensi-ai\\app\\Models\\PresensiSiswaModel.php')
 3 SYSTEMPATH\Autoloader\Autoloader.php(267): CodeIgniter\Autoloader\Autoloader->loadInNamespace('App\\Models\\PresensiSiswaModel')
 4 APPPATH\Controllers\Admin\DataAbsenSiswa.php(28): CodeIgniter\Autoloader\Autoloader->loadClass('App\\Models\\PresensiSiswaModel')
 5 SYSTEMPATH\CodeIgniter.php(904): App\Controllers\Admin\DataAbsenSiswa->__construct()
 6 SYSTEMPATH\CodeIgniter.php(488): CodeIgniter\CodeIgniter->createController()
 7 SYSTEMPATH\CodeIgniter.php(366): CodeIgniter\CodeIgniter->handleRequest(null, Object(Config\Cache), false)
 8 FCPATH\index.php(67): CodeIgniter\CodeIgniter->run()
WARNING - 2023-08-07 05:52:56 --> [DEPRECATED] Required parameter $tanggal follows optional parameter $idPresensi in APPPATH\Models\PresensiSiswaModel.php on line 128.
 1 SYSTEMPATH\Autoloader\Autoloader.php(312): include_once()
 2 SYSTEMPATH\Autoloader\Autoloader.php(289): CodeIgniter\Autoloader\Autoloader->includeFile('D:\\xampp\\htdocs\\absensi-ai\\app\\Models\\PresensiSiswaModel.php')
 3 SYSTEMPATH\Autoloader\Autoloader.php(267): CodeIgniter\Autoloader\Autoloader->loadInNamespace('App\\Models\\PresensiSiswaModel')
 4 APPPATH\Controllers\Admin\DataAbsenSiswa.php(28): CodeIgniter\Autoloader\Autoloader->loadClass('App\\Models\\PresensiSiswaModel')
 5 SYSTEMPATH\CodeIgniter.php(904): App\Controllers\Admin\DataAbsenSiswa->__construct()
 6 SYSTEMPATH\CodeIgniter.php(488): CodeIgniter\CodeIgniter->createController()
 7 SYSTEMPATH\CodeIgniter.php(366): CodeIgniter\CodeIgniter->handleRequest(null, Object(Config\Cache), false)
 8 FCPATH\index.php(67): CodeIgniter\CodeIgniter->run()
WARNING - 2023-08-07 05:52:56 --> [DEPRECATED] Required parameter $idKehadiran follows optional parameter $idPresensi in APPPATH\Models\PresensiSiswaModel.php on line 128.
 1 SYSTEMPATH\Autoloader\Autoloader.php(312): include_once()
 2 SYSTEMPATH\Autoloader\Autoloader.php(289): CodeIgniter\Autoloader\Autoloader->includeFile('D:\\xampp\\htdocs\\absensi-ai\\app\\Models\\PresensiSiswaModel.php')
 3 SYSTEMPATH\Autoloader\Autoloader.php(267): CodeIgniter\Autoloader\Autoloader->loadInNamespace('App\\Models\\PresensiSiswaModel')
 4 APPPATH\Controllers\Admin\DataAbsenSiswa.php(28): CodeIgniter\Autoloader\Autoloader->loadClass('App\\Models\\PresensiSiswaModel')
 5 SYSTEMPATH\CodeIgniter.php(904): App\Controllers\Admin\DataAbsenSiswa->__construct()
 6 SYSTEMPATH\CodeIgniter.php(488): CodeIgniter\CodeIgniter->createController()
 7 SYSTEMPATH\CodeIgniter.php(366): CodeIgniter\CodeIgniter->handleRequest(null, Object(Config\Cache), false)
 8 FCPATH\index.php(67): CodeIgniter\CodeIgniter->run()
WARNING - 2023-08-07 05:52:56 --> [DEPRECATED] Required parameter $jamKeluar follows optional parameter $idPresensi in APPPATH\Models\PresensiSiswaModel.php on line 128.
 1 SYSTEMPATH\Autoloader\Autoloader.php(312): include_once()
 2 SYSTEMPATH\Autoloader\Autoloader.php(289): CodeIgniter\Autoloader\Autoloader->includeFile('D:\\xampp\\htdocs\\absensi-ai\\app\\Models\\PresensiSiswaModel.php')
 3 SYSTEMPATH\Autoloader\Autoloader.php(267): CodeIgniter\Autoloader\Autoloader->loadInNamespace('App\\Models\\PresensiSiswaModel')
 4 APPPATH\Controllers\Admin\DataAbsenSiswa.php(28): CodeIgniter\Autoloader\Autoloader->loadClass('App\\Models\\PresensiSiswaModel')
 5 SYSTEMPATH\CodeIgniter.php(904): App\Controllers\Admin\DataAbsenSiswa->__construct()
 6 SYSTEMPATH\CodeIgniter.php(488): CodeIgniter\CodeIgniter->createController()
 7 SYSTEMPATH\CodeIgniter.php(366): CodeIgniter\CodeIgniter->handleRequest(null, Object(Config\Cache), false)
 8 FCPATH\index.php(67): CodeIgniter\CodeIgniter->run()
INFO - 2023-08-07 05:53:04 --> Session: Class initialized using 'CodeIgniter\Session\Handlers\FileHandler' driver.
WARNING - 2023-08-07 05:53:04 --> [DEPRECATED] Required parameter $idSiswa follows optional parameter $idPresensi in APPPATH\Models\PresensiSiswaModel.php on line 128.
 1 SYSTEMPATH\Autoloader\Autoloader.php(312): include_once()
 2 SYSTEMPATH\Autoloader\Autoloader.php(289): CodeIgniter\Autoloader\Autoloader->includeFile('D:\\xampp\\htdocs\\absensi-ai\\app\\Models\\PresensiSiswaModel.php')
 3 SYSTEMPATH\Autoloader\Autoloader.php(267): CodeIgniter\Autoloader\Autoloader->loadInNamespace('App\\Models\\PresensiSiswaModel')
 4 APPPATH\Controllers\Admin\DataAbsenSiswa.php(28): CodeIgniter\Autoloader\Autoloader->loadClass('App\\Models\\PresensiSiswaModel')
 5 SYSTEMPATH\CodeIgniter.php(904): App\Controllers\Admin\DataAbsenSiswa->__construct()
 6 SYSTEMPATH\CodeIgniter.php(488): CodeIgniter\CodeIgniter->createController()
 7 SYSTEMPATH\CodeIgniter.php(366): CodeIgniter\CodeIgniter->handleRequest(null, Object(Config\Cache), false)
 8 FCPATH\index.php(67): CodeIgniter\CodeIgniter->run()
WARNING - 2023-08-07 05:53:04 --> [DEPRECATED] Required parameter $idKelas follows optional parameter $idPresensi in APPPATH\Models\PresensiSiswaModel.php on line 128.
 1 SYSTEMPATH\Autoloader\Autoloader.php(312): include_once()
 2 SYSTEMPATH\Autoloader\Autoloader.php(289): CodeIgniter\Autoloader\Autoloader->includeFile('D:\\xampp\\htdocs\\absensi-ai\\app\\Models\\PresensiSiswaModel.php')
 3 SYSTEMPATH\Autoloader\Autoloader.php(267): CodeIgniter\Autoloader\Autoloader->loadInNamespace('App\\Models\\PresensiSiswaModel')
 4 APPPATH\Controllers\Admin\DataAbsenSiswa.php(28): CodeIgniter\Autoloader\Autoloader->loadClass('App\\Models\\PresensiSiswaModel')
 5 SYSTEMPATH\CodeIgniter.php(904): App\Controllers\Admin\DataAbsenSiswa->__construct()
 6 SYSTEMPATH\CodeIgniter.php(488): CodeIgniter\CodeIgniter->createController()
 7 SYSTEMPATH\CodeIgniter.php(366): CodeIgniter\CodeIgniter->handleRequest(null, Object(Config\Cache), false)
 8 FCPATH\index.php(67): CodeIgniter\CodeIgniter->run()
WARNING - 2023-08-07 05:53:04 --> [DEPRECATED] Required parameter $idMapel follows optional parameter $idPresensi in APPPATH\Models\PresensiSiswaModel.php on line 128.
 1 SYSTEMPATH\Autoloader\Autoloader.php(312): include_once()
 2 SYSTEMPATH\Autoloader\Autoloader.php(289): CodeIgniter\Autoloader\Autoloader->includeFile('D:\\xampp\\htdocs\\absensi-ai\\app\\Models\\PresensiSiswaModel.php')
 3 SYSTEMPATH\Autoloader\Autoloader.php(267): CodeIgniter\Autoloader\Autoloader->loadInNamespace('App\\Models\\PresensiSiswaModel')
 4 APPPATH\Controllers\Admin\DataAbsenSiswa.php(28): CodeIgniter\Autoloader\Autoloader->loadClass('App\\Models\\PresensiSiswaModel')
 5 SYSTEMPATH\CodeIgniter.php(904): App\Controllers\Admin\DataAbsenSiswa->__construct()
 6 SYSTEMPATH\CodeIgniter.php(488): CodeIgniter\CodeIgniter->createController()
 7 SYSTEMPATH\CodeIgniter.php(366): CodeIgniter\CodeIgniter->handleRequest(null, Object(Config\Cache), false)
 8 FCPATH\index.php(67): CodeIgniter\CodeIgniter->run()
WARNING - 2023-08-07 05:53:04 --> [DEPRECATED] Required parameter $tanggal follows optional parameter $idPresensi in APPPATH\Models\PresensiSiswaModel.php on line 128.
 1 SYSTEMPATH\Autoloader\Autoloader.php(312): include_once()
 2 SYSTEMPATH\Autoloader\Autoloader.php(289): CodeIgniter\Autoloader\Autoloader->includeFile('D:\\xampp\\htdocs\\absensi-ai\\app\\Models\\PresensiSiswaModel.php')
 3 SYSTEMPATH\Autoloader\Autoloader.php(267): CodeIgniter\Autoloader\Autoloader->loadInNamespace('App\\Models\\PresensiSiswaModel')
 4 APPPATH\Controllers\Admin\DataAbsenSiswa.php(28): CodeIgniter\Autoloader\Autoloader->loadClass('App\\Models\\PresensiSiswaModel')
 5 SYSTEMPATH\CodeIgniter.php(904): App\Controllers\Admin\DataAbsenSiswa->__construct()
 6 SYSTEMPATH\CodeIgniter.php(488): CodeIgniter\CodeIgniter->createController()
 7 SYSTEMPATH\CodeIgniter.php(366): CodeIgniter\CodeIgniter->handleRequest(null, Object(Config\Cache), false)
 8 FCPATH\index.php(67): CodeIgniter\CodeIgniter->run()
WARNING - 2023-08-07 05:53:04 --> [DEPRECATED] Required parameter $idKehadiran follows optional parameter $idPresensi in APPPATH\Models\PresensiSiswaModel.php on line 128.
 1 SYSTEMPATH\Autoloader\Autoloader.php(312): include_once()
 2 SYSTEMPATH\Autoloader\Autoloader.php(289): CodeIgniter\Autoloader\Autoloader->includeFile('D:\\xampp\\htdocs\\absensi-ai\\app\\Models\\PresensiSiswaModel.php')
 3 SYSTEMPATH\Autoloader\Autoloader.php(267): CodeIgniter\Autoloader\Autoloader->loadInNamespace('App\\Models\\PresensiSiswaModel')
 4 APPPATH\Controllers\Admin\DataAbsenSiswa.php(28): CodeIgniter\Autoloader\Autoloader->loadClass('App\\Models\\PresensiSiswaModel')
 5 SYSTEMPATH\CodeIgniter.php(904): App\Controllers\Admin\DataAbsenSiswa->__construct()
 6 SYSTEMPATH\CodeIgniter.php(488): CodeIgniter\CodeIgniter->createController()
 7 SYSTEMPATH\CodeIgniter.php(366): CodeIgniter\CodeIgniter->handleRequest(null, Object(Config\Cache), false)
 8 FCPATH\index.php(67): CodeIgniter\CodeIgniter->run()
WARNING - 2023-08-07 05:53:04 --> [DEPRECATED] Required parameter $jamKeluar follows optional parameter $idPresensi in APPPATH\Models\PresensiSiswaModel.php on line 128.
 1 SYSTEMPATH\Autoloader\Autoloader.php(312): include_once()
 2 SYSTEMPATH\Autoloader\Autoloader.php(289): CodeIgniter\Autoloader\Autoloader->includeFile('D:\\xampp\\htdocs\\absensi-ai\\app\\Models\\PresensiSiswaModel.php')
 3 SYSTEMPATH\Autoloader\Autoloader.php(267): CodeIgniter\Autoloader\Autoloader->loadInNamespace('App\\Models\\PresensiSiswaModel')
 4 APPPATH\Controllers\Admin\DataAbsenSiswa.php(28): CodeIgniter\Autoloader\Autoloader->loadClass('App\\Models\\PresensiSiswaModel')
 5 SYSTEMPATH\CodeIgniter.php(904): App\Controllers\Admin\DataAbsenSiswa->__construct()
 6 SYSTEMPATH\CodeIgniter.php(488): CodeIgniter\CodeIgniter->createController()
 7 SYSTEMPATH\CodeIgniter.php(366): CodeIgniter\CodeIgniter->handleRequest(null, Object(Config\Cache), false)
 8 FCPATH\index.php(67): CodeIgniter\CodeIgniter->run()
INFO - 2023-08-07 05:53:04 --> Session: Class initialized using 'CodeIgniter\Session\Handlers\FileHandler' driver.
WARNING - 2023-08-07 05:53:04 --> [DEPRECATED] Required parameter $idSiswa follows optional parameter $idPresensi in APPPATH\Models\PresensiSiswaModel.php on line 128.
 1 SYSTEMPATH\Autoloader\Autoloader.php(312): include_once()
 2 SYSTEMPATH\Autoloader\Autoloader.php(289): CodeIgniter\Autoloader\Autoloader->includeFile('D:\\xampp\\htdocs\\absensi-ai\\app\\Models\\PresensiSiswaModel.php')
 3 SYSTEMPATH\Autoloader\Autoloader.php(267): CodeIgniter\Autoloader\Autoloader->loadInNamespace('App\\Models\\PresensiSiswaModel')
 4 APPPATH\Controllers\Admin\DataAbsenSiswa.php(28): CodeIgniter\Autoloader\Autoloader->loadClass('App\\Models\\PresensiSiswaModel')
 5 SYSTEMPATH\CodeIgniter.php(904): App\Controllers\Admin\DataAbsenSiswa->__construct()
 6 SYSTEMPATH\CodeIgniter.php(488): CodeIgniter\CodeIgniter->createController()
 7 SYSTEMPATH\CodeIgniter.php(366): CodeIgniter\CodeIgniter->handleRequest(null, Object(Config\Cache), false)
 8 FCPATH\index.php(67): CodeIgniter\CodeIgniter->run()
WARNING - 2023-08-07 05:53:04 --> [DEPRECATED] Required parameter $idKelas follows optional parameter $idPresensi in APPPATH\Models\PresensiSiswaModel.php on line 128.
 1 SYSTEMPATH\Autoloader\Autoloader.php(312): include_once()
 2 SYSTEMPATH\Autoloader\Autoloader.php(289): CodeIgniter\Autoloader\Autoloader->includeFile('D:\\xampp\\htdocs\\absensi-ai\\app\\Models\\PresensiSiswaModel.php')
 3 SYSTEMPATH\Autoloader\Autoloader.php(267): CodeIgniter\Autoloader\Autoloader->loadInNamespace('App\\Models\\PresensiSiswaModel')
 4 APPPATH\Controllers\Admin\DataAbsenSiswa.php(28): CodeIgniter\Autoloader\Autoloader->loadClass('App\\Models\\PresensiSiswaModel')
 5 SYSTEMPATH\CodeIgniter.php(904): App\Controllers\Admin\DataAbsenSiswa->__construct()
 6 SYSTEMPATH\CodeIgniter.php(488): CodeIgniter\CodeIgniter->createController()
 7 SYSTEMPATH\CodeIgniter.php(366): CodeIgniter\CodeIgniter->handleRequest(null, Object(Config\Cache), false)
 8 FCPATH\index.php(67): CodeIgniter\CodeIgniter->run()
WARNING - 2023-08-07 05:53:04 --> [DEPRECATED] Required parameter $idMapel follows optional parameter $idPresensi in APPPATH\Models\PresensiSiswaModel.php on line 128.
 1 SYSTEMPATH\Autoloader\Autoloader.php(312): include_once()
 2 SYSTEMPATH\Autoloader\Autoloader.php(289): CodeIgniter\Autoloader\Autoloader->includeFile('D:\\xampp\\htdocs\\absensi-ai\\app\\Models\\PresensiSiswaModel.php')
 3 SYSTEMPATH\Autoloader\Autoloader.php(267): CodeIgniter\Autoloader\Autoloader->loadInNamespace('App\\Models\\PresensiSiswaModel')
 4 APPPATH\Controllers\Admin\DataAbsenSiswa.php(28): CodeIgniter\Autoloader\Autoloader->loadClass('App\\Models\\PresensiSiswaModel')
 5 SYSTEMPATH\CodeIgniter.php(904): App\Controllers\Admin\DataAbsenSiswa->__construct()
 6 SYSTEMPATH\CodeIgniter.php(488): CodeIgniter\CodeIgniter->createController()
 7 SYSTEMPATH\CodeIgniter.php(366): CodeIgniter\CodeIgniter->handleRequest(null, Object(Config\Cache), false)
 8 FCPATH\index.php(67): CodeIgniter\CodeIgniter->run()
WARNING - 2023-08-07 05:53:04 --> [DEPRECATED] Required parameter $tanggal follows optional parameter $idPresensi in APPPATH\Models\PresensiSiswaModel.php on line 128.
 1 SYSTEMPATH\Autoloader\Autoloader.php(312): include_once()
 2 SYSTEMPATH\Autoloader\Autoloader.php(289): CodeIgniter\Autoloader\Autoloader->includeFile('D:\\xampp\\htdocs\\absensi-ai\\app\\Models\\PresensiSiswaModel.php')
 3 SYSTEMPATH\Autoloader\Autoloader.php(267): CodeIgniter\Autoloader\Autoloader->loadInNamespace('App\\Models\\PresensiSiswaModel')
 4 APPPATH\Controllers\Admin\DataAbsenSiswa.php(28): CodeIgniter\Autoloader\Autoloader->loadClass('App\\Models\\PresensiSiswaModel')
 5 SYSTEMPATH\CodeIgniter.php(904): App\Controllers\Admin\DataAbsenSiswa->__construct()
 6 SYSTEMPATH\CodeIgniter.php(488): CodeIgniter\CodeIgniter->createController()
 7 SYSTEMPATH\CodeIgniter.php(366): CodeIgniter\CodeIgniter->handleRequest(null, Object(Config\Cache), false)
 8 FCPATH\index.php(67): CodeIgniter\CodeIgniter->run()
WARNING - 2023-08-07 05:53:04 --> [DEPRECATED] Required parameter $idKehadiran follows optional parameter $idPresensi in APPPATH\Models\PresensiSiswaModel.php on line 128.
 1 SYSTEMPATH\Autoloader\Autoloader.php(312): include_once()
 2 SYSTEMPATH\Autoloader\Autoloader.php(289): CodeIgniter\Autoloader\Autoloader->includeFile('D:\\xampp\\htdocs\\absensi-ai\\app\\Models\\PresensiSiswaModel.php')
 3 SYSTEMPATH\Autoloader\Autoloader.php(267): CodeIgniter\Autoloader\Autoloader->loadInNamespace('App\\Models\\PresensiSiswaModel')
 4 APPPATH\Controllers\Admin\DataAbsenSiswa.php(28): CodeIgniter\Autoloader\Autoloader->loadClass('App\\Models\\PresensiSiswaModel')
 5 SYSTEMPATH\CodeIgniter.php(904): App\Controllers\Admin\DataAbsenSiswa->__construct()
 6 SYSTEMPATH\CodeIgniter.php(488): CodeIgniter\CodeIgniter->createController()
 7 SYSTEMPATH\CodeIgniter.php(366): CodeIgniter\CodeIgniter->handleRequest(null, Object(Config\Cache), false)
 8 FCPATH\index.php(67): CodeIgniter\CodeIgniter->run()
WARNING - 2023-08-07 05:53:04 --> [DEPRECATED] Required parameter $jamKeluar follows optional parameter $idPresensi in APPPATH\Models\PresensiSiswaModel.php on line 128.
 1 SYSTEMPATH\Autoloader\Autoloader.php(312): include_once()
 2 SYSTEMPATH\Autoloader\Autoloader.php(289): CodeIgniter\Autoloader\Autoloader->includeFile('D:\\xampp\\htdocs\\absensi-ai\\app\\Models\\PresensiSiswaModel.php')
 3 SYSTEMPATH\Autoloader\Autoloader.php(267): CodeIgniter\Autoloader\Autoloader->loadInNamespace('App\\Models\\PresensiSiswaModel')
 4 APPPATH\Controllers\Admin\DataAbsenSiswa.php(28): CodeIgniter\Autoloader\Autoloader->loadClass('App\\Models\\PresensiSiswaModel')
 5 SYSTEMPATH\CodeIgniter.php(904): App\Controllers\Admin\DataAbsenSiswa->__construct()
 6 SYSTEMPATH\CodeIgniter.php(488): CodeIgniter\CodeIgniter->createController()
 7 SYSTEMPATH\CodeIgniter.php(366): CodeIgniter\CodeIgniter->handleRequest(null, Object(Config\Cache), false)
 8 FCPATH\index.php(67): CodeIgniter\CodeIgniter->run()
INFO - 2023-08-07 05:53:08 --> Session: Class initialized using 'CodeIgniter\Session\Handlers\FileHandler' driver.
WARNING - 2023-08-07 05:53:08 --> [DEPRECATED] Required parameter $idSiswa follows optional parameter $idPresensi in APPPATH\Models\PresensiSiswaModel.php on line 128.
 1 SYSTEMPATH\Autoloader\Autoloader.php(312): include_once()
 2 SYSTEMPATH\Autoloader\Autoloader.php(289): CodeIgniter\Autoloader\Autoloader->includeFile('D:\\xampp\\htdocs\\absensi-ai\\app\\Models\\PresensiSiswaModel.php')
 3 SYSTEMPATH\Autoloader\Autoloader.php(267): CodeIgniter\Autoloader\Autoloader->loadInNamespace('App\\Models\\PresensiSiswaModel')
 4 APPPATH\Controllers\Admin\DataAbsenSiswa.php(28): CodeIgniter\Autoloader\Autoloader->loadClass('App\\Models\\PresensiSiswaModel')
 5 SYSTEMPATH\CodeIgniter.php(904): App\Controllers\Admin\DataAbsenSiswa->__construct()
 6 SYSTEMPATH\CodeIgniter.php(488): CodeIgniter\CodeIgniter->createController()
 7 SYSTEMPATH\CodeIgniter.php(366): CodeIgniter\CodeIgniter->handleRequest(null, Object(Config\Cache), false)
 8 FCPATH\index.php(67): CodeIgniter\CodeIgniter->run()
WARNING - 2023-08-07 05:53:08 --> [DEPRECATED] Required parameter $idKelas follows optional parameter $idPresensi in APPPATH\Models\PresensiSiswaModel.php on line 128.
 1 SYSTEMPATH\Autoloader\Autoloader.php(312): include_once()
 2 SYSTEMPATH\Autoloader\Autoloader.php(289): CodeIgniter\Autoloader\Autoloader->includeFile('D:\\xampp\\htdocs\\absensi-ai\\app\\Models\\PresensiSiswaModel.php')
 3 SYSTEMPATH\Autoloader\Autoloader.php(267): CodeIgniter\Autoloader\Autoloader->loadInNamespace('App\\Models\\PresensiSiswaModel')
 4 APPPATH\Controllers\Admin\DataAbsenSiswa.php(28): CodeIgniter\Autoloader\Autoloader->loadClass('App\\Models\\PresensiSiswaModel')
 5 SYSTEMPATH\CodeIgniter.php(904): App\Controllers\Admin\DataAbsenSiswa->__construct()
 6 SYSTEMPATH\CodeIgniter.php(488): CodeIgniter\CodeIgniter->createController()
 7 SYSTEMPATH\CodeIgniter.php(366): CodeIgniter\CodeIgniter->handleRequest(null, Object(Config\Cache), false)
 8 FCPATH\index.php(67): CodeIgniter\CodeIgniter->run()
WARNING - 2023-08-07 05:53:08 --> [DEPRECATED] Required parameter $idMapel follows optional parameter $idPresensi in APPPATH\Models\PresensiSiswaModel.php on line 128.
 1 SYSTEMPATH\Autoloader\Autoloader.php(312): include_once()
 2 SYSTEMPATH\Autoloader\Autoloader.php(289): CodeIgniter\Autoloader\Autoloader->includeFile('D:\\xampp\\htdocs\\absensi-ai\\app\\Models\\PresensiSiswaModel.php')
 3 SYSTEMPATH\Autoloader\Autoloader.php(267): CodeIgniter\Autoloader\Autoloader->loadInNamespace('App\\Models\\PresensiSiswaModel')
 4 APPPATH\Controllers\Admin\DataAbsenSiswa.php(28): CodeIgniter\Autoloader\Autoloader->loadClass('App\\Models\\PresensiSiswaModel')
 5 SYSTEMPATH\CodeIgniter.php(904): App\Controllers\Admin\DataAbsenSiswa->__construct()
 6 SYSTEMPATH\CodeIgniter.php(488): CodeIgniter\CodeIgniter->createController()
 7 SYSTEMPATH\CodeIgniter.php(366): CodeIgniter\CodeIgniter->handleRequest(null, Object(Config\Cache), false)
 8 FCPATH\index.php(67): CodeIgniter\CodeIgniter->run()
WARNING - 2023-08-07 05:53:08 --> [DEPRECATED] Required parameter $tanggal follows optional parameter $idPresensi in APPPATH\Models\PresensiSiswaModel.php on line 128.
 1 SYSTEMPATH\Autoloader\Autoloader.php(312): include_once()
 2 SYSTEMPATH\Autoloader\Autoloader.php(289): CodeIgniter\Autoloader\Autoloader->includeFile('D:\\xampp\\htdocs\\absensi-ai\\app\\Models\\PresensiSiswaModel.php')
 3 SYSTEMPATH\Autoloader\Autoloader.php(267): CodeIgniter\Autoloader\Autoloader->loadInNamespace('App\\Models\\PresensiSiswaModel')
 4 APPPATH\Controllers\Admin\DataAbsenSiswa.php(28): CodeIgniter\Autoloader\Autoloader->loadClass('App\\Models\\PresensiSiswaModel')
 5 SYSTEMPATH\CodeIgniter.php(904): App\Controllers\Admin\DataAbsenSiswa->__construct()
 6 SYSTEMPATH\CodeIgniter.php(488): CodeIgniter\CodeIgniter->createController()
 7 SYSTEMPATH\CodeIgniter.php(366): CodeIgniter\CodeIgniter->handleRequest(null, Object(Config\Cache), false)
 8 FCPATH\index.php(67): CodeIgniter\CodeIgniter->run()
WARNING - 2023-08-07 05:53:08 --> [DEPRECATED] Required parameter $idKehadiran follows optional parameter $idPresensi in APPPATH\Models\PresensiSiswaModel.php on line 128.
 1 SYSTEMPATH\Autoloader\Autoloader.php(312): include_once()
 2 SYSTEMPATH\Autoloader\Autoloader.php(289): CodeIgniter\Autoloader\Autoloader->includeFile('D:\\xampp\\htdocs\\absensi-ai\\app\\Models\\PresensiSiswaModel.php')
 3 SYSTEMPATH\Autoloader\Autoloader.php(267): CodeIgniter\Autoloader\Autoloader->loadInNamespace('App\\Models\\PresensiSiswaModel')
 4 APPPATH\Controllers\Admin\DataAbsenSiswa.php(28): CodeIgniter\Autoloader\Autoloader->loadClass('App\\Models\\PresensiSiswaModel')
 5 SYSTEMPATH\CodeIgniter.php(904): App\Controllers\Admin\DataAbsenSiswa->__construct()
 6 SYSTEMPATH\CodeIgniter.php(488): CodeIgniter\CodeIgniter->createController()
 7 SYSTEMPATH\CodeIgniter.php(366): CodeIgniter\CodeIgniter->handleRequest(null, Object(Config\Cache), false)
 8 FCPATH\index.php(67): CodeIgniter\CodeIgniter->run()
WARNING - 2023-08-07 05:53:08 --> [DEPRECATED] Required parameter $jamKeluar follows optional parameter $idPresensi in APPPATH\Models\PresensiSiswaModel.php on line 128.
 1 SYSTEMPATH\Autoloader\Autoloader.php(312): include_once()
 2 SYSTEMPATH\Autoloader\Autoloader.php(289): CodeIgniter\Autoloader\Autoloader->includeFile('D:\\xampp\\htdocs\\absensi-ai\\app\\Models\\PresensiSiswaModel.php')
 3 SYSTEMPATH\Autoloader\Autoloader.php(267): CodeIgniter\Autoloader\Autoloader->loadInNamespace('App\\Models\\PresensiSiswaModel')
 4 APPPATH\Controllers\Admin\DataAbsenSiswa.php(28): CodeIgniter\Autoloader\Autoloader->loadClass('App\\Models\\PresensiSiswaModel')
 5 SYSTEMPATH\CodeIgniter.php(904): App\Controllers\Admin\DataAbsenSiswa->__construct()
 6 SYSTEMPATH\CodeIgniter.php(488): CodeIgniter\CodeIgniter->createController()
 7 SYSTEMPATH\CodeIgniter.php(366): CodeIgniter\CodeIgniter->handleRequest(null, Object(Config\Cache), false)
 8 FCPATH\index.php(67): CodeIgniter\CodeIgniter->run()
INFO - 2023-08-07 06:06:25 --> Session: Class initialized using 'CodeIgniter\Session\Handlers\FileHandler' driver.
INFO - 2023-08-07 06:06:26 --> Session: Class initialized using 'CodeIgniter\Session\Handlers\FileHandler' driver.
INFO - 2023-08-07 06:06:34 --> Session: Class initialized using 'CodeIgniter\Session\Handlers\FileHandler' driver.
INFO - 2023-08-07 06:06:37 --> Session: Class initialized using 'CodeIgniter\Session\Handlers\FileHandler' driver.
INFO - 2023-08-07 06:06:37 --> Session: Class initialized using 'CodeIgniter\Session\Handlers\FileHandler' driver.
INFO - 2023-08-07 06:06:49 --> Session: Class initialized using 'CodeIgniter\Session\Handlers\FileHandler' driver.
INFO - 2023-08-07 06:06:49 --> Session: Class initialized using 'CodeIgniter\Session\Handlers\FileHandler' driver.
INFO - 2023-08-07 06:06:51 --> Session: Class initialized using 'CodeIgniter\Session\Handlers\FileHandler' driver.
INFO - 2023-08-07 06:06:51 --> Session: Class initialized using 'CodeIgniter\Session\Handlers\FileHandler' driver.
INFO - 2023-08-07 06:06:54 --> Session: Class initialized using 'CodeIgniter\Session\Handlers\FileHandler' driver.
INFO - 2023-08-07 06:06:54 --> Session: Class initialized using 'CodeIgniter\Session\Handlers\FileHandler' driver.
INFO - 2023-08-07 06:07:02 --> Session: Class initialized using 'CodeIgniter\Session\Handlers\FileHandler' driver.
INFO - 2023-08-07 06:07:05 --> Session: Class initialized using 'CodeIgniter\Session\Handlers\FileHandler' driver.
INFO - 2023-08-07 06:07:05 --> Session: Class initialized using 'CodeIgniter\Session\Handlers\FileHandler' driver.
INFO - 2023-08-07 06:07:25 --> Session: Class initialized using 'CodeIgniter\Session\Handlers\FileHandler' driver.
INFO - 2023-08-07 06:07:25 --> Session: Class initialized using 'CodeIgniter\Session\Handlers\FileHandler' driver.
